This is pdfTeX, Version 3.14159265-2.6-1.40.19 (MiKTeX 2.9.6630 64-bit) (preloaded format=pdflatex 2018.11.3)  20 FEB 2019 20:04
entering extended mode
**./_regressionNotes.tex
(_regressionNotes.tex
LaTeX2e <2017-04-15>
Babel <3.18> and hyphenation patterns for 75 language(s) loaded.
("C:\Program Files\MiKTeX 2.9\tex\latex\base\report.cls"
Document Class: report 2014/09/29 v1.4h Standard LaTeX document class
("C:\Program Files\MiKTeX 2.9\tex\latex\base\fleqn.clo"
File: fleqn.clo 2016/12/29 v1.2a Standard LaTeX option (flush left equations)
\mathindent=\dimen102
Applying: [2015/01/01] Make \[ robust on input line 50.
LaTeX Info: Redefining \[ on input line 51.
Already applied: [0000/00/00] Make \[ robust on input line 62.
Applying: [2015/01/01] Make \] robust on input line 74.
LaTeX Info: Redefining \] on input line 75.
Already applied: [0000/00/00] Make \] robust on input line 83.
)
("C:\Program Files\MiKTeX 2.9\tex\latex\base\size12.clo"
File: size12.clo 2014/09/29 v1.4h Standard LaTeX file (size option)
)
\c@part=\count79
\c@chapter=\count80
\c@section=\count81
\c@subsection=\count82
\c@subsubsection=\count83
\c@paragraph=\count84
\c@subparagraph=\count85
\c@figure=\count86
\c@table=\count87
\abovecaptionskip=\skip41
\belowcaptionskip=\skip42
\bibindent=\dimen103
)
("C:\Program Files\MiKTeX 2.9\tex\latex\graphics\graphicx.sty"
Package: graphicx 2017/06/01 v1.1a Enhanced LaTeX Graphics (DPC,SPQR)

("C:\Program Files\MiKTeX 2.9\tex\latex\graphics\keyval.sty"
Package: keyval 2014/10/28 v1.15 key=value parser (DPC)
\KV@toks@=\toks14
)
("C:\Program Files\MiKTeX 2.9\tex\latex\graphics\graphics.sty"
Package: graphics 2017/06/25 v1.2c Standard LaTeX Graphics (DPC,SPQR)

("C:\Program Files\MiKTeX 2.9\tex\latex\graphics\trig.sty"
Package: trig 2016/01/03 v1.10 sin cos tan (DPC)
)
("C:\Program Files\MiKTeX 2.9\tex\latex\graphics-cfg\graphics.cfg"
File: graphics.cfg 2016/06/04 v1.11 sample graphics configuration
)
Package graphics Info: Driver file: pdftex.def on input line 99.

("C:\Program Files\MiKTeX 2.9\tex\latex\graphics-def\pdftex.def"
File: pdftex.def 2018/01/08 v1.0l Graphics/color driver for pdftex
))
\Gin@req@height=\dimen104
\Gin@req@width=\dimen105
)
("C:\Program Files\MiKTeX 2.9\tex\latex\oberdiek\epstopdf.sty"
Package: epstopdf 2016/05/15 v2.6 Conversion with epstopdf on the fly (HO)

("C:\Program Files\MiKTeX 2.9\tex\latex\oberdiek\epstopdf-base.sty"
Package: epstopdf-base 2016/05/15 v2.6 Base part for package epstopdf

("C:\Program Files\MiKTeX 2.9\tex\generic\oberdiek\infwarerr.sty"
Package: infwarerr 2016/05/16 v1.4 Providing info/warning/error messages (HO)
)
("C:\Program Files\MiKTeX 2.9\tex\latex\oberdiek\grfext.sty"
Package: grfext 2016/05/16 v1.2 Manage graphics extensions (HO)

("C:\Program Files\MiKTeX 2.9\tex\generic\oberdiek\kvdefinekeys.sty"
Package: kvdefinekeys 2016/05/16 v1.4 Define keys (HO)

("C:\Program Files\MiKTeX 2.9\tex\generic\oberdiek\ltxcmds.sty"
Package: ltxcmds 2016/05/16 v1.23 LaTeX kernel commands for general use (HO)
)))
("C:\Program Files\MiKTeX 2.9\tex\latex\oberdiek\kvoptions.sty"
Package: kvoptions 2016/05/16 v3.12 Key value format for package options (HO)

("C:\Program Files\MiKTeX 2.9\tex\generic\oberdiek\kvsetkeys.sty"
Package: kvsetkeys 2016/05/16 v1.17 Key value parser (HO)

("C:\Program Files\MiKTeX 2.9\tex\generic\oberdiek\etexcmds.sty"
Package: etexcmds 2016/05/16 v1.6 Avoid name clashes with e-TeX commands (HO)

("C:\Program Files\MiKTeX 2.9\tex\generic\oberdiek\ifluatex.sty"
Package: ifluatex 2016/05/16 v1.4 Provides the ifluatex switch (HO)
Package ifluatex Info: LuaTeX not detected.
)
Package etexcmds Info: Could not find \expanded.
(etexcmds)             That can mean that you are not using pdfTeX 1.50 or
(etexcmds)             that some package has redefined \expanded.
(etexcmds)             In the latter case, load this package earlier.
)))
("C:\Program Files\MiKTeX 2.9\tex\generic\oberdiek\pdftexcmds.sty"
Package: pdftexcmds 2018/01/21 v0.26 Utility functions of pdfTeX for LuaTeX (HO
)

("C:\Program Files\MiKTeX 2.9\tex\generic\oberdiek\ifpdf.sty"
Package: ifpdf 2017/03/15 v3.2 Provides the ifpdf switch
)
Package pdftexcmds Info: LuaTeX not detected.
Package pdftexcmds Info: \pdf@primitive is available.
Package pdftexcmds Info: \pdf@ifprimitive is available.
Package pdftexcmds Info: \pdfdraftmode found.
)
Package epstopdf-base Info: Redefining graphics rule for `.eps' on input line 4
38.
Package grfext Info: Graphics extension search list:
(grfext)             [.pdf,.png,.jpg,.mps,.jpeg,.jbig2,.jb2,.PDF,.PNG,.JPG,.JPE
G,.JBIG2,.JB2,.eps]
(grfext)             \AppendGraphicsExtensions on input line 456.
))
("C:\Program Files\MiKTeX 2.9\tex\latex\amsmath\amsmath.sty"
Package: amsmath 2017/09/02 v2.17a AMS math features
\@mathmargin=\skip43

For additional information on amsmath, use the `?' option.
("C:\Program Files\MiKTeX 2.9\tex\latex\amsmath\amstext.sty"
Package: amstext 2000/06/29 v2.01 AMS text

("C:\Program Files\MiKTeX 2.9\tex\latex\amsmath\amsgen.sty"
File: amsgen.sty 1999/11/30 v2.0 generic functions
\@emptytoks=\toks15
\ex@=\dimen106
))
("C:\Program Files\MiKTeX 2.9\tex\latex\amsmath\amsbsy.sty"
Package: amsbsy 1999/11/29 v1.2d Bold Symbols
\pmbraise@=\dimen107
)
("C:\Program Files\MiKTeX 2.9\tex\latex\amsmath\amsopn.sty"
Package: amsopn 2016/03/08 v2.02 operator names
)
\inf@bad=\count88
LaTeX Info: Redefining \frac on input line 213.
\uproot@=\count89
\leftroot@=\count90
LaTeX Info: Redefining \overline on input line 375.
\classnum@=\count91
\DOTSCASE@=\count92
LaTeX Info: Redefining \ldots on input line 472.
LaTeX Info: Redefining \dots on input line 475.
LaTeX Info: Redefining \cdots on input line 596.
\Mathstrutbox@=\box26
\strutbox@=\box27
\big@size=\dimen108
LaTeX Font Info:    Redeclaring font encoding OML on input line 712.
LaTeX Font Info:    Redeclaring font encoding OMS on input line 713.
\macc@depth=\count93
\c@MaxMatrixCols=\count94
\dotsspace@=\muskip10
\c@parentequation=\count95
\dspbrk@lvl=\count96
\tag@help=\toks16
\row@=\count97
\column@=\count98
\maxfields@=\count99
\andhelp@=\toks17
\eqnshift@=\dimen109
\alignsep@=\dimen110
\tagshift@=\dimen111
\tagwidth@=\dimen112
\totwidth@=\dimen113
\lineht@=\dimen114
\@envbody=\toks18
\multlinegap=\skip44
\multlinetaggap=\skip45
\mathdisplay@stack=\toks19
LaTeX Info: Redefining \[ on input line 2817.
LaTeX Info: Redefining \] on input line 2818.
)
(C:\Users\hedbe\AppData\Roaming\MiKTeX\2.9\tex\latex\natbib\natbib.sty
Package: natbib 2010/09/13 8.31b (PWD, AO)
\bibhang=\skip46
\bibsep=\skip47
LaTeX Info: Redefining \cite on input line 694.
\c@NAT@ctr=\count100
)
("C:\Program Files\MiKTeX 2.9\tex\latex\tools\longtable.sty"
Package: longtable 2014/10/28 v4.11 Multi-page Table package (DPC)
\LTleft=\skip48
\LTright=\skip49
\LTpre=\skip50
\LTpost=\skip51
\LTchunksize=\count101
\LTcapwidth=\dimen115
\LT@head=\box28
\LT@firsthead=\box29
\LT@foot=\box30
\LT@lastfoot=\box31
\LT@cols=\count102
\LT@rows=\count103
\c@LT@tables=\count104
\c@LT@chunks=\count105
\LT@p@ftn=\toks20
)
(C:\Users\hedbe\AppData\Roaming\MiKTeX\2.9\tex\latex\appendix\appendix.sty
Package: appendix 2009/09/02 v1.2b extra appendix facilities
\c@@pps=\count106
\c@@ppsavesec=\count107
\c@@ppsaveapp=\count108
)
(C:\Users\hedbe\AppData\Roaming\MiKTeX\2.9\tex\latex\mathtools\mathtools.sty
Package: mathtools 2018/01/08 v1.21 mathematical typesetting tools

("C:\Program Files\MiKTeX 2.9\tex\latex\tools\calc.sty"
Package: calc 2014/10/28 v4.3 Infix arithmetic (KKT,FJ)
\calc@Acount=\count109
\calc@Bcount=\count110
\calc@Adimen=\dimen116
\calc@Bdimen=\dimen117
\calc@Askip=\skip52
\calc@Bskip=\skip53
LaTeX Info: Redefining \setlength on input line 80.
LaTeX Info: Redefining \addtolength on input line 81.
\calc@Ccount=\count111
\calc@Cskip=\skip54
)
(C:\Users\hedbe\AppData\Roaming\MiKTeX\2.9\tex\latex\mathtools\mhsetup.sty
Package: mhsetup 2017/03/31 v1.3 programming setup (MH)
)
LaTeX Info: Thecontrolsequence`\('isalreadyrobust on input line 129.
LaTeX Info: Thecontrolsequence`\)'isalreadyrobust on input line 129.
LaTeX Info: Thecontrolsequence`\['isalreadyrobust on input line 129.
LaTeX Info: Thecontrolsequence`\]'isalreadyrobust on input line 129.
\g_MT_multlinerow_int=\count112
\l_MT_multwidth_dim=\dimen118
\origjot=\skip55
\l_MT_shortvdotswithinadjustabove_dim=\dimen119
\l_MT_shortvdotswithinadjustbelow_dim=\dimen120
\l_MT_above_intertext_sep=\dimen121
\l_MT_below_intertext_sep=\dimen122
\l_MT_above_shortintertext_sep=\dimen123
\l_MT_below_shortintertext_sep=\dimen124
)
("C:\Program Files\MiKTeX 2.9\tex\latex\hyperref\hyperref.sty"
Package: hyperref 2018/02/06 v6.86b Hypertext links for LaTeX

("C:\Program Files\MiKTeX 2.9\tex\generic\oberdiek\hobsub-hyperref.sty"
Package: hobsub-hyperref 2016/05/16 v1.14 Bundle oberdiek, subset hyperref (HO)


("C:\Program Files\MiKTeX 2.9\tex\generic\oberdiek\hobsub-generic.sty"
Package: hobsub-generic 2016/05/16 v1.14 Bundle oberdiek, subset generic (HO)
Package: hobsub 2016/05/16 v1.14 Construct package bundles (HO)
Package hobsub Info: Skipping package `infwarerr' (already loaded).
Package hobsub Info: Skipping package `ltxcmds' (already loaded).
Package hobsub Info: Skipping package `ifluatex' (already loaded).
Package: ifvtex 2016/05/16 v1.6 Detect VTeX and its facilities (HO)
Package ifvtex Info: VTeX not detected.
Package: intcalc 2016/05/16 v1.2 Expandable calculations with integers (HO)
Package hobsub Info: Skipping package `ifpdf' (already loaded).
Package hobsub Info: Skipping package `etexcmds' (already loaded).
Package hobsub Info: Skipping package `kvsetkeys' (already loaded).
Package hobsub Info: Skipping package `kvdefinekeys' (already loaded).
Package hobsub Info: Skipping package `pdftexcmds' (already loaded).
Package: pdfescape 2016/05/16 v1.14 Implements pdfTeX's escape features (HO)
Package: bigintcalc 2016/05/16 v1.4 Expandable calculations on big integers (HO
)
Package: bitset 2016/05/16 v1.2 Handle bit-vector datatype (HO)
Package: uniquecounter 2016/05/16 v1.3 Provide unlimited unique counter (HO)
)
Package hobsub Info: Skipping package `hobsub' (already loaded).
Package: letltxmacro 2016/05/16 v1.5 Let assignment for LaTeX macros (HO)
Package: hopatch 2016/05/16 v1.3 Wrapper for package hooks (HO)
Package: xcolor-patch 2016/05/16 xcolor patch
Package: atveryend 2016/05/16 v1.9 Hooks at the very end of document (HO)
Package atveryend Info: \enddocument detected (standard20110627).
Package: atbegshi 2016/06/09 v1.18 At begin shipout hook (HO)
Package: refcount 2016/05/16 v3.5 Data extraction from label references (HO)
Package: hycolor 2016/05/16 v1.8 Color options for hyperref/bookmark (HO)
)
("C:\Program Files\MiKTeX 2.9\tex\generic\ifxetex\ifxetex.sty"
Package: ifxetex 2010/09/12 v0.6 Provides ifxetex conditional
)
("C:\Program Files\MiKTeX 2.9\tex\latex\oberdiek\auxhook.sty"
Package: auxhook 2016/05/16 v1.4 Hooks for auxiliary files (HO)
)
\@linkdim=\dimen125
\Hy@linkcounter=\count113
\Hy@pagecounter=\count114

("C:\Program Files\MiKTeX 2.9\tex\latex\hyperref\pd1enc.def"
File: pd1enc.def 2018/02/06 v6.86b Hyperref: PDFDocEncoding definition (HO)
)
\Hy@SavedSpaceFactor=\count115

("C:\Program Files\MiKTeX 2.9\tex\latex\00miktex\hyperref.cfg"
File: hyperref.cfg 2002/06/06 v1.2 hyperref configuration of TeXLive
)
Package hyperref Info: Hyper figures OFF on input line 4509.
Package hyperref Info: Link nesting OFF on input line 4514.
Package hyperref Info: Hyper index ON on input line 4517.
Package hyperref Info: Plain pages OFF on input line 4524.
Package hyperref Info: Backreferencing OFF on input line 4529.
Package hyperref Info: Implicit mode ON; LaTeX internals redefined.
Package hyperref Info: Bookmarks ON on input line 4762.
\c@Hy@tempcnt=\count116

(C:\Users\hedbe\AppData\Roaming\MiKTeX\2.9\tex\latex\url\url.sty
\Urlmuskip=\muskip11
Package: url 2013/09/16  ver 3.4  Verb mode for urls, etc.
)
LaTeX Info: Redefining \url on input line 5115.
\XeTeXLinkMargin=\dimen126
\Fld@menulength=\count117
\Field@Width=\dimen127
\Fld@charsize=\dimen128
Package hyperref Info: Hyper figures OFF on input line 6369.
Package hyperref Info: Link nesting OFF on input line 6374.
Package hyperref Info: Hyper index ON on input line 6377.
Package hyperref Info: backreferencing OFF on input line 6384.
Package hyperref Info: Link coloring OFF on input line 6389.
Package hyperref Info: Link coloring with OCG OFF on input line 6394.
Package hyperref Info: PDF/A mode OFF on input line 6399.
LaTeX Info: Redefining \ref on input line 6439.
LaTeX Info: Redefining \pageref on input line 6443.
\Hy@abspage=\count118
\c@Item=\count119
\c@Hfootnote=\count120
)
Package hyperref Info: Driver (autodetected): hpdftex.

("C:\Program Files\MiKTeX 2.9\tex\latex\hyperref\hpdftex.def"
File: hpdftex.def 2018/02/06 v6.86b Hyperref driver for pdfTeX
\Fld@listcount=\count121
\c@bookmark@seq@number=\count122

("C:\Program Files\MiKTeX 2.9\tex\latex\oberdiek\rerunfilecheck.sty"
Package: rerunfilecheck 2016/05/16 v1.8 Rerun checks for auxiliary files (HO)
Package uniquecounter Info: New unique counter `rerunfilecheck' on input line 2
82.
)
\Hy@SectionHShift=\skip56
)
(_regressionNotes.aux

LaTeX Warning: Label `tab:rentdata' multiply defined.


LaTeX Warning: Label `tab:rentdata' multiply defined.


LaTeX Warning: Label `tab:rentdata' multiply defined.


LaTeX Warning: Label `tab:prepostdata' multiply defined.


LaTeX Warning: Label `tab:prepostdata' multiply defined.


LaTeX Warning: Label `tab:bushdata' multiply defined.


LaTeX Warning: Label `tab:bushdata' multiply defined.


LaTeX Warning: Label `tab:bushdata' multiply defined.


LaTeX Warning: Label `tab:outdata' multiply defined.


LaTeX Warning: Label `tab:propensity' multiply defined.

)
\openout1 = `_regressionNotes.aux'.

LaTeX Font Info:    Checking defaults for OML/cmm/m/it on input line 17.
LaTeX Font Info:    ... okay on input line 17.
LaTeX Font Info:    Checking defaults for T1/cmr/m/n on input line 17.
LaTeX Font Info:    ... okay on input line 17.
LaTeX Font Info:    Checking defaults for OT1/cmr/m/n on input line 17.
LaTeX Font Info:    ... okay on input line 17.
LaTeX Font Info:    Checking defaults for OMS/cmsy/m/n on input line 17.
LaTeX Font Info:    ... okay on input line 17.
LaTeX Font Info:    Checking defaults for OMX/cmex/m/n on input line 17.
LaTeX Font Info:    ... okay on input line 17.
LaTeX Font Info:    Checking defaults for U/cmr/m/n on input line 17.
LaTeX Font Info:    ... okay on input line 17.
LaTeX Font Info:    Checking defaults for PD1/pdf/m/n on input line 17.
LaTeX Font Info:    ... okay on input line 17.
 (C:\Users\hedbe\AppData\Roaming\MiKTeX\2.9\tex\context\base\supp-pdf.mkii
[Loading MPS to PDF converter (version 2006.09.02).]
\scratchcounter=\count123
\scratchdimen=\dimen129
\scratchbox=\box32
\nofMPsegments=\count124
\nofMParguments=\count125
\everyMPshowfont=\toks21
\MPscratchCnt=\count126
\MPscratchDim=\dimen130
\MPnumerator=\count127
\makeMPintoPDFobject=\count128
\everyMPtoPDFconversion=\toks22
)
\AtBeginShipoutBox=\box33
Package hyperref Info: Link coloring OFF on input line 17.
 ("C:\Program Files\MiKTeX 2.9\tex\latex\hyperref\nameref.sty"
Package: nameref 2016/05/21 v2.44 Cross-referencing by name of section

("C:\Program Files\MiKTeX 2.9\tex\generic\oberdiek\gettitlestring.sty"
Package: gettitlestring 2016/05/16 v1.5 Cleanup title references (HO)
)
\c@section@level=\count129
)
LaTeX Info: Redefining \ref on input line 17.
LaTeX Info: Redefining \pageref on input line 17.
LaTeX Info: Redefining \nameref on input line 17.

(_regressionNotes.out) (_regressionNotes.out)
\@outlinefile=\write3
\openout3 = `_regressionNotes.out'.

 [1

{C:/Users/hedbe/AppData/Local/MiKTeX/2.9/pdftex/config/pdftex.map}] (_regressio
nNotes.tocpdfTeX warning (ext4): destination with the same identifier (name{pag
e.1}) has been already used, duplicate ignored
<to be read again> 
                   \relax 
l.26 ...e {4.3.4}Who cares?}{34}{subsection.4.3.4}
                                                   [1

] [2] [3]
Overfull \hbox (6.06674pt too wide) in paragraph at lines 124--124
 [][] [][]\OT1/cmr/m/n/12 Example of a continuous-categorical in-ter-ac-tion on
 math 
 []

[4])
\tf@toc=\write4
\openout4 = `_regressionNotes.toc'.

 [5] (_regressionNotes.lot
Overfull \hbox (0.94044pt too wide) in paragraph at lines 20--20
 [][] [][]\OT1/cmr/m/n/12 Model pre-dict-ing words cor-rect by po-lit-i-cal aff
iliation--deviance 
 []

[6

]
Overfull \hbox (7.59456pt too wide) in paragraph at lines 62--62
 [][] [][]\OT1/cmr/m/n/12 Logistic re-gres-sion model pre-dict-ing ap-proval of
 Ari-zona SB1070 
 []

[7])
\tf@lot=\write5
\openout5 = `_regressionNotes.lot'.

 [8] (_regressionNotes.lof [9

] [10] [11])
\tf@lof=\write6
\openout6 = `_regressionNotes.lof'.

 [12] (chUniv.tex [13

]
Chapter 1.
[14

] [15] [16]) (chProb.tex [17]
Chapter 2.
LaTeX Font Info:    Try loading font information for OMS+cmr on input line 8.
("C:\Program Files\MiKTeX 2.9\tex\latex\base\omscmr.fd"
File: omscmr.fd 2014/09/29 v2.5h Standard LaTeX font definitions
)
LaTeX Font Info:    Font shape `OMS/cmr/m/n' in size <12> not available
(Font)              Font shape `OMS/cmsy/m/n' tried instead on input line 8.
 [18

] [19] [20]
[21] [22]

Package amsmath Warning: Foreign command \atopwithdelims;
(amsmath)                \frac or \genfrac should be used instead
(amsmath)                 on input line 165.

) (chSRS.tex [23]
Chapter 3.
[24

] [25]) (chDist.tex [26]
Chapter 4.
[27

]
Package epstopdf Info: Source file: <binomial.eps>
(epstopdf)                    date: 2014-01-15 19:48:18
(epstopdf)                    size: 79913 bytes
(epstopdf)             Output file: <binomial-eps-converted-to.pdf>
(epstopdf)                    date: 2014-01-20 21:14:04
(epstopdf)                    size: 8873 bytes
(epstopdf)             Command: <epstopdf --outfile=binomial-eps-converted-to.p
df binomial.eps>
(epstopdf)             \includegraphics on input line 47.
Package epstopdf Info: Output file is already uptodate.
<binomial-eps-converted-to.pdf, id=1212, 397.485pt x 289.08pt>
File: binomial-eps-converted-to.pdf Graphic file (type pdf)
<use binomial-eps-converted-to.pdf>
Package pdftex.def Info: binomial-eps-converted-to.pdf  used on input line 47.
(pdftex.def)             Requested size: 397.48402pt x 289.07928pt.
Package epstopdf Info: Source file: <poisson.eps>
(epstopdf)                    date: 2014-01-15 19:48:26
(epstopdf)                    size: 30992 bytes
(epstopdf)             Output file: <poisson-eps-converted-to.pdf>
(epstopdf)                    date: 2014-01-15 19:48:56
(epstopdf)                    size: 7445 bytes
(epstopdf)             Command: <epstopdf --outfile=poisson-eps-converted-to.pd
f poisson.eps>
(epstopdf)             \includegraphics on input line 62.
Package epstopdf Info: Output file is already uptodate.
<poisson-eps-converted-to.pdf, id=1213, 397.485pt x 289.08pt>
File: poisson-eps-converted-to.pdf Graphic file (type pdf)
<use poisson-eps-converted-to.pdf>
Package pdftex.def Info: poisson-eps-converted-to.pdf  used on input line 62.
(pdftex.def)             Requested size: 397.48402pt x 289.07928pt.
 [28] [29 <./binomial-eps-converted-to.pdf> <./poisson-eps-converted-to.pdf>] [
30]
Package epstopdf Info: Source file: <normal.eps>
(epstopdf)                    date: 2014-01-20 21:13:20
(epstopdf)                    size: 19001 bytes
(epstopdf)             Output file: <normal-eps-converted-to.pdf>
(epstopdf)                    date: 2014-01-20 21:14:05
(epstopdf)                    size: 7445 bytes
(epstopdf)             Command: <epstopdf --outfile=normal-eps-converted-to.pdf
 normal.eps>
(epstopdf)             \includegraphics on input line 107.
Package epstopdf Info: Output file is already uptodate.
<normal-eps-converted-to.pdf, id=1252, 397.485pt x 289.08pt>
File: normal-eps-converted-to.pdf Graphic file (type pdf)
<use normal-eps-converted-to.pdf>
Package pdftex.def Info: normal-eps-converted-to.pdf  used on input line 107.
(pdftex.def)             Requested size: 397.48402pt x 289.07928pt.


Package hyperref Warning: Token not allowed in a PDF string (PDFDocEncoding):
(hyperref)                removing `math shift' on input line 112.


Package hyperref Warning: Token not allowed in a PDF string (PDFDocEncoding):
(hyperref)                removing `\chi' on input line 112.


Package hyperref Warning: Token not allowed in a PDF string (PDFDocEncoding):
(hyperref)                removing `superscript' on input line 112.


Package hyperref Warning: Token not allowed in a PDF string (PDFDocEncoding):
(hyperref)                removing `math shift' on input line 112.

[31 <./normal-eps-converted-to.pdf>]
Package epstopdf Info: Source file: <chi.eps>
(epstopdf)                    date: 2014-01-20 21:13:21
(epstopdf)                    size: 45539 bytes
(epstopdf)             Output file: <chi-eps-converted-to.pdf>
(epstopdf)                    date: 2014-01-20 21:14:06
(epstopdf)                    size: 17702 bytes
(epstopdf)             Command: <epstopdf --outfile=chi-eps-converted-to.pdf ch
i.eps>
(epstopdf)             \includegraphics on input line 137.
Package epstopdf Info: Output file is already uptodate.
<chi-eps-converted-to.pdf, id=1264, 397.485pt x 289.08pt>
File: chi-eps-converted-to.pdf Graphic file (type pdf)
<use chi-eps-converted-to.pdf>
Package pdftex.def Info: chi-eps-converted-to.pdf  used on input line 137.
(pdftex.def)             Requested size: 397.48402pt x 289.07928pt.


Package hyperref Warning: Token not allowed in a PDF string (PDFDocEncoding):
(hyperref)                removing `math shift' on input line 142.


Package hyperref Warning: Token not allowed in a PDF string (PDFDocEncoding):
(hyperref)                removing `math shift' on input line 142.

[32]
Package epstopdf Info: Source file: <tdist.eps>
(epstopdf)                    date: 2014-01-20 21:13:23
(epstopdf)                    size: 57771 bytes
(epstopdf)             Output file: <tdist-eps-converted-to.pdf>
(epstopdf)                    date: 2014-01-20 21:14:07
(epstopdf)                    size: 23982 bytes
(epstopdf)             Command: <epstopdf --outfile=tdist-eps-converted-to.pdf 
tdist.eps>
(epstopdf)             \includegraphics on input line 156.
Package epstopdf Info: Output file is already uptodate.
<tdist-eps-converted-to.pdf, id=1270, 397.485pt x 289.08pt>
File: tdist-eps-converted-to.pdf Graphic file (type pdf)
<use tdist-eps-converted-to.pdf>
Package pdftex.def Info: tdist-eps-converted-to.pdf  used on input line 156.
(pdftex.def)             Requested size: 397.48402pt x 289.07928pt.


Package hyperref Warning: Token not allowed in a PDF string (PDFDocEncoding):
(hyperref)                removing `math shift' on input line 161.


Package hyperref Warning: Token not allowed in a PDF string (PDFDocEncoding):
(hyperref)                removing `math shift' on input line 161.

[33 <./chi-eps-converted-to.pdf>]
Package epstopdf Info: Source file: <f.eps>
(epstopdf)                    date: 2014-01-20 21:13:25
(epstopdf)                    size: 56481 bytes
(epstopdf)             Output file: <f-eps-converted-to.pdf>
(epstopdf)                    date: 2014-01-20 21:14:08
(epstopdf)                    size: 23077 bytes
(epstopdf)             Command: <epstopdf --outfile=f-eps-converted-to.pdf f.ep
s>
(epstopdf)             \includegraphics on input line 174.
Package epstopdf Info: Output file is already uptodate.
<f-eps-converted-to.pdf, id=1285, 397.485pt x 289.08pt>
File: f-eps-converted-to.pdf Graphic file (type pdf)
<use f-eps-converted-to.pdf>
Package pdftex.def Info: f-eps-converted-to.pdf  used on input line 174.
(pdftex.def)             Requested size: 397.48402pt x 289.07928pt.
) (chInfer.tex [34 <./tdist-eps-converted-to.pdf>] [35 <./f-eps-converted-to.pd
f>]
Chapter 5.
[36

] [37] [38] [39] [40]

Package hyperref Warning: Token not allowed in a PDF string (PDFDocEncoding):
(hyperref)                removing `math shift' on input line 100.


Package hyperref Warning: Token not allowed in a PDF string (PDFDocEncoding):
(hyperref)                removing `math shift' on input line 100.

[41]) (chMulti.tex [42]
Chapter 6.
[43

] [44] [45]
Package epstopdf Info: Source file: <cov_xy.eps>
(epstopdf)                    date: 2013-09-03 15:34:35
(epstopdf)                    size: 15094 bytes
(epstopdf)             Output file: <cov_xy-eps-converted-to.pdf>
(epstopdf)                    date: 2013-09-03 16:12:15
(epstopdf)                    size: 5970 bytes
(epstopdf)             Command: <epstopdf --outfile=cov_xy-eps-converted-to.pdf
 cov_xy.eps>
(epstopdf)             \includegraphics on input line 118.
Package epstopdf Info: Output file is already uptodate.
<cov_xy-eps-converted-to.pdf, id=1377, 794.97pt x 578.16pt>
File: cov_xy-eps-converted-to.pdf Graphic file (type pdf)
<use cov_xy-eps-converted-to.pdf>
Package pdftex.def Info: cov_xy-eps-converted-to.pdf  used on input line 118.
(pdftex.def)             Requested size: 794.96806pt x 578.15858pt.
Package epstopdf Info: Source file: <cov.eps>
(epstopdf)                    date: 2012-05-15 08:42:28
(epstopdf)                    size: 8173 bytes
(epstopdf)             Output file: <cov-eps-converted-to.pdf>
(epstopdf)                    date: 2013-08-24 12:10:19
(epstopdf)                    size: 3729 bytes
(epstopdf)             Command: <epstopdf --outfile=cov-eps-converted-to.pdf co
v.eps>
(epstopdf)             \includegraphics on input line 126.
Package epstopdf Info: Output file is already uptodate.
<cov-eps-converted-to.pdf, id=1380, 794.97pt x 578.16pt>
File: cov-eps-converted-to.pdf Graphic file (type pdf)
<use cov-eps-converted-to.pdf>
Package pdftex.def Info: cov-eps-converted-to.pdf  used on input line 126.
(pdftex.def)             Requested size: 794.96806pt x 578.15858pt.
 [46] [47 <./cov_xy-eps-converted-to.pdf> <./cov-eps-converted-to.pdf>] [48]
Package epstopdf Info: Source file: <critical.eps>
(epstopdf)                    date: 2014-01-20 21:34:25
(epstopdf)                    size: 47033 bytes
(epstopdf)             Output file: <critical-eps-converted-to.pdf>
(epstopdf)                    date: 2014-01-20 21:35:05
(epstopdf)                    size: 16973 bytes
(epstopdf)             Command: <epstopdf --outfile=critical-eps-converted-to.p
df critical.eps>
(epstopdf)             \includegraphics on input line 168.
Package epstopdf Info: Output file is already uptodate.
<critical-eps-converted-to.pdf, id=1415, 397.485pt x 289.08pt>
File: critical-eps-converted-to.pdf Graphic file (type pdf)
<use critical-eps-converted-to.pdf>
Package pdftex.def Info: critical-eps-converted-to.pdf  used on input line 168.

(pdftex.def)             Requested size: 397.48402pt x 289.07928pt.
 [49] [50 <./critical-eps-converted-to.pdf>]) (chLSML.tex [51]
Chapter 7.
[52

] [53]
Package epstopdf Info: Source file: <sse.eps>
(epstopdf)                    date: 2013-09-03 15:31:52
(epstopdf)                    size: 20021 bytes
(epstopdf)             Output file: <sse-eps-converted-to.pdf>
(epstopdf)                    date: 2013-09-03 16:12:14
(epstopdf)                    size: 9293 bytes
(epstopdf)             Command: <epstopdf --outfile=sse-eps-converted-to.pdf ss
e.eps>
(epstopdf)             \includegraphics on input line 92.
Package epstopdf Info: Output file is already uptodate.
<sse-eps-converted-to.pdf, id=1453, 794.97pt x 578.16pt>
File: sse-eps-converted-to.pdf Graphic file (type pdf)
<use sse-eps-converted-to.pdf>
Package pdftex.def Info: sse-eps-converted-to.pdf  used on input line 92.
(pdftex.def)             Requested size: 794.96806pt x 578.15858pt.
 [54] [55] [56 <./sse-eps-converted-to.pdf>] [57] [58]
Package epstopdf Info: Source file: <ll.eps>
(epstopdf)                    date: 2013-09-03 15:31:45
(epstopdf)                    size: 21667 bytes
(epstopdf)             Output file: <ll-eps-converted-to.pdf>
(epstopdf)                    date: 2013-09-03 16:12:14
(epstopdf)                    size: 9409 bytes
(epstopdf)             Command: <epstopdf --outfile=ll-eps-converted-to.pdf ll.
eps>
(epstopdf)             \includegraphics on input line 187.
Package epstopdf Info: Output file is already uptodate.
<ll-eps-converted-to.pdf, id=1491, 794.97pt x 578.16pt>
File: ll-eps-converted-to.pdf Graphic file (type pdf)
<use ll-eps-converted-to.pdf>
Package pdftex.def Info: ll-eps-converted-to.pdf  used on input line 187.
(pdftex.def)             Requested size: 794.96806pt x 578.15858pt.
 [59 <./ll-eps-converted-to.pdf>]) (chOLS.tex [60]
Chapter 8.
Package epstopdf Info: Source file: <fit.eps>
(epstopdf)                    date: 2013-09-03 15:44:11
(epstopdf)                    size: 12941 bytes
(epstopdf)             Output file: <fit-eps-converted-to.pdf>
(epstopdf)                    date: 2013-09-03 16:12:18
(epstopdf)                    size: 5430 bytes
(epstopdf)             Command: <epstopdf --outfile=fit-eps-converted-to.pdf fi
t.eps>
(epstopdf)             \includegraphics on input line 13.
Package epstopdf Info: Output file is already uptodate.
<fit-eps-converted-to.pdf, id=1512, 794.97pt x 578.16pt>
File: fit-eps-converted-to.pdf Graphic file (type pdf)
<use fit-eps-converted-to.pdf>
Package pdftex.def Info: fit-eps-converted-to.pdf  used on input line 13.
(pdftex.def)             Requested size: 794.96806pt x 578.15858pt.
Package epstopdf Info: Source file: <efit.eps>
(epstopdf)                    date: 2013-09-03 15:44:12
(epstopdf)                    size: 15155 bytes
(epstopdf)             Output file: <efit-eps-converted-to.pdf>
(epstopdf)                    date: 2013-09-03 16:12:18
(epstopdf)                    size: 5957 bytes
(epstopdf)             Command: <epstopdf --outfile=efit-eps-converted-to.pdf e
fit.eps>
(epstopdf)             \includegraphics on input line 27.
Package epstopdf Info: Output file is already uptodate.
<efit-eps-converted-to.pdf, id=1514, 794.97pt x 578.16pt>
File: efit-eps-converted-to.pdf Graphic file (type pdf)
<use efit-eps-converted-to.pdf>
Package pdftex.def Info: efit-eps-converted-to.pdf  used on input line 27.
(pdftex.def)             Requested size: 794.96806pt x 578.15858pt.
[61

] [62 <./fit-eps-converted-to.pdf> <./efit-eps-converted-to.pdf>] [63]
[64] [65]
Package epstopdf Info: Source file: <altsse.eps>
(epstopdf)                    date: 2013-09-03 15:44:16
(epstopdf)                    size: 14700 bytes
(epstopdf)             Output file: <altsse-eps-converted-to.pdf>
(epstopdf)                    date: 2013-09-03 16:12:19
(epstopdf)                    size: 6596 bytes
(epstopdf)             Command: <epstopdf --outfile=altsse-eps-converted-to.pdf
 altsse.eps>
(epstopdf)             \includegraphics on input line 147.
Package epstopdf Info: Output file is already uptodate.
<altsse-eps-converted-to.pdf, id=1562, 794.97pt x 578.16pt>
File: altsse-eps-converted-to.pdf Graphic file (type pdf)
<use altsse-eps-converted-to.pdf>
Package pdftex.def Info: altsse-eps-converted-to.pdf  used on input line 147.
(pdftex.def)             Requested size: 794.96806pt x 578.15858pt.
 [66]) [67 <./altsse-eps-converted-to.pdf>] (chMOLS.tex [68]
Chapter 9.
[69

] [70] [71] [72] [73] [74] [75] [76] [77] [78] [79] [80]) (chOLSinfer.tex
[81]
Chapter 10.
[82

] [83] [84]
Package epstopdf Info: Source file: <cislope.eps>
(epstopdf)                    date: 2013-09-03 15:49:24
(epstopdf)                    size: 34154 bytes
(epstopdf)             Output file: <cislope-eps-converted-to.pdf>
(epstopdf)                    date: 2013-09-03 16:12:19
(epstopdf)                    size: 23362 bytes
(epstopdf)             Command: <epstopdf --outfile=cislope-eps-converted-to.pd
f cislope.eps>
(epstopdf)             \includegraphics on input line 77.
Package epstopdf Info: Output file is already uptodate.
<cislope-eps-converted-to.pdf, id=1701, 794.97pt x 578.16pt>
File: cislope-eps-converted-to.pdf Graphic file (type pdf)
<use cislope-eps-converted-to.pdf>
Package pdftex.def Info: cislope-eps-converted-to.pdf  used on input line 77.
(pdftex.def)             Requested size: 794.96806pt x 578.15858pt.

Overfull \hbox (6.40585pt too wide) in paragraph at lines 82--82
[]\OT1/cmr/bx/n/17.28 Hypothesis test-ing with re-gres-sion slopes 
 []

[85 <./cislope-eps-converted-to.pdf>] [86] [87]
Package epstopdf Info: Source file: <anova.eps>
(epstopdf)                    date: 2012-05-20 08:31:56
(epstopdf)                    size: 13631 bytes
(epstopdf)             Output file: <anova-eps-converted-to.pdf>
(epstopdf)                    date: 2013-08-25 16:53:16
(epstopdf)                    size: 7135 bytes
(epstopdf)             Command: <epstopdf --outfile=anova-eps-converted-to.pdf 
anova.eps>
(epstopdf)             \includegraphics on input line 157.
Package epstopdf Info: Output file is already uptodate.
<anova-eps-converted-to.pdf, id=1731, 794.97pt x 578.16pt>
File: anova-eps-converted-to.pdf Graphic file (type pdf)
<use anova-eps-converted-to.pdf>
Package pdftex.def Info: anova-eps-converted-to.pdf  used on input line 157.
(pdftex.def)             Requested size: 794.96806pt x 578.15858pt.
 [88 <./anova-eps-converted-to.pdf>]

Package hyperref Warning: Token not allowed in a PDF string (PDFDocEncoding):
(hyperref)                removing `math shift' on input line 182.


Package hyperref Warning: Token not allowed in a PDF string (PDFDocEncoding):
(hyperref)                removing `superscript' on input line 182.


Package hyperref Warning: Token not allowed in a PDF string (PDFDocEncoding):
(hyperref)                removing `math shift' on input line 182.

[89] [90] [91]

Package hyperref Warning: Token not allowed in a PDF string (PDFDocEncoding):
(hyperref)                removing `math shift' on input line 235.


Package hyperref Warning: Token not allowed in a PDF string (PDFDocEncoding):
(hyperref)                removing `math shift' on input line 235.

Package epstopdf Info: Source file: <linearok.eps>
(epstopdf)                    date: 2013-09-03 19:44:31
(epstopdf)                    size: 17492 bytes
(epstopdf)             Output file: <linearok-eps-converted-to.pdf>
(epstopdf)                    date: 2013-09-03 19:48:24
(epstopdf)                    size: 19455 bytes
(epstopdf)             Command: <epstopdf --outfile=linearok-eps-converted-to.p
df linearok.eps>
(epstopdf)             \includegraphics on input line 240.
Package epstopdf Info: Output file is already uptodate.
<linearok-eps-converted-to.pdf, id=1773, 794.97pt x 578.16pt>
File: linearok-eps-converted-to.pdf Graphic file (type pdf)
<use linearok-eps-converted-to.pdf>
Package pdftex.def Info: linearok-eps-converted-to.pdf  used on input line 240.

(pdftex.def)             Requested size: 794.96806pt x 578.15858pt.
Package epstopdf Info: Source file: <linearnotok.eps>
(epstopdf)                    date: 2013-09-03 19:44:37
(epstopdf)                    size: 17741 bytes
(epstopdf)             Output file: <linearnotok-eps-converted-to.pdf>
(epstopdf)                    date: 2013-09-03 19:48:25
(epstopdf)                    size: 19615 bytes
(epstopdf)             Command: <epstopdf --outfile=linearnotok-eps-converted-t
o.pdf linearnotok.eps>
(epstopdf)             \includegraphics on input line 248.
Package epstopdf Info: Output file is already uptodate.
<linearnotok-eps-converted-to.pdf, id=1774, 794.97pt x 578.16pt>
File: linearnotok-eps-converted-to.pdf Graphic file (type pdf)
<use linearnotok-eps-converted-to.pdf>
Package pdftex.def Info: linearnotok-eps-converted-to.pdf  used on input line 2
48.
(pdftex.def)             Requested size: 794.96806pt x 578.15858pt.
Package epstopdf Info: Source file: <mean0ok.eps>
(epstopdf)                    date: 2013-09-03 19:44:35
(epstopdf)                    size: 17630 bytes
(epstopdf)             Output file: <mean0ok-eps-converted-to.pdf>
(epstopdf)                    date: 2013-09-03 19:48:25
(epstopdf)                    size: 19057 bytes
(epstopdf)             Command: <epstopdf --outfile=mean0ok-eps-converted-to.pd
f mean0ok.eps>
(epstopdf)             \includegraphics on input line 259.
Package epstopdf Info: Output file is already uptodate.
<mean0ok-eps-converted-to.pdf, id=1776, 794.97pt x 578.16pt>
File: mean0ok-eps-converted-to.pdf Graphic file (type pdf)
<use mean0ok-eps-converted-to.pdf>
Package pdftex.def Info: mean0ok-eps-converted-to.pdf  used on input line 259.
(pdftex.def)             Requested size: 794.96806pt x 578.15858pt.
Package epstopdf Info: Source file: <mean0notok.eps>
(epstopdf)                    date: 2013-09-03 15:52:55
(epstopdf)                    size: 17100 bytes
(epstopdf)             Output file: <mean0notok-eps-converted-to.pdf>
(epstopdf)                    date: 2013-09-03 19:48:26
(epstopdf)                    size: 19068 bytes
(epstopdf)             Command: <epstopdf --outfile=mean0notok-eps-converted-to
.pdf mean0notok.eps>
(epstopdf)             \includegraphics on input line 267.
Package epstopdf Info: Output file is already uptodate.
<mean0notok-eps-converted-to.pdf, id=1779, 794.97pt x 578.16pt>
File: mean0notok-eps-converted-to.pdf Graphic file (type pdf)
<use mean0notok-eps-converted-to.pdf>
Package pdftex.def Info: mean0notok-eps-converted-to.pdf  used on input line 26
7.
(pdftex.def)             Requested size: 794.96806pt x 578.15858pt.
[92] [93 <./linearok-eps-converted-to.pdf> <./linearnotok-eps-converted-to.pdf>
] [94 <./mean0ok-eps-converted-to.pdf>]
Package epstopdf Info: Source file: <hetero.eps>
(epstopdf)                    date: 2013-09-03 19:44:46
(epstopdf)                    size: 18024 bytes
(epstopdf)             Output file: <hetero-eps-converted-to.pdf>
(epstopdf)                    date: 2013-09-03 19:48:26
(epstopdf)                    size: 19221 bytes
(epstopdf)             Command: <epstopdf --outfile=hetero-eps-converted-to.pdf
 hetero.eps>
(epstopdf)             \includegraphics on input line 278.
Package epstopdf Info: Output file is already uptodate.
<hetero-eps-converted-to.pdf, id=1813, 794.97pt x 578.16pt>
File: hetero-eps-converted-to.pdf Graphic file (type pdf)
<use hetero-eps-converted-to.pdf>
Package pdftex.def Info: hetero-eps-converted-to.pdf  used on input line 278.
(pdftex.def)             Requested size: 794.96806pt x 578.15858pt.
 [95 <./mean0notok-eps-converted-to.pdf>] [96 <./hetero-eps-converted-to.pdf>]
Package epstopdf Info: Source file: <dummyhist.eps>
(epstopdf)                    date: 2013-09-03 16:54:56
(epstopdf)                    size: 13623 bytes
(epstopdf)             Output file: <dummyhist-eps-converted-to.pdf>
(epstopdf)                    date: 2013-09-03 16:55:35
(epstopdf)                    size: 6093 bytes
(epstopdf)             Command: <epstopdf --outfile=dummyhist-eps-converted-to.
pdf dummyhist.eps>
(epstopdf)             \includegraphics on input line 305.
Package epstopdf Info: Output file is already uptodate.
<dummyhist-eps-converted-to.pdf, id=1842, 794.97pt x 578.16pt>
File: dummyhist-eps-converted-to.pdf Graphic file (type pdf)
<use dummyhist-eps-converted-to.pdf>
Package pdftex.def Info: dummyhist-eps-converted-to.pdf  used on input line 305
.
(pdftex.def)             Requested size: 794.96806pt x 578.15858pt.
Package epstopdf Info: Source file: <dummyhist_r.eps>
(epstopdf)                    date: 2013-09-03 15:52:30
(epstopdf)                    size: 13168 bytes
(epstopdf)             Output file: <dummyhist_r-eps-converted-to.pdf>
(epstopdf)                    date: 2013-09-03 16:12:23
(epstopdf)                    size: 6411 bytes
(epstopdf)             Command: <epstopdf --outfile=dummyhist_r-eps-converted-t
o.pdf dummyhist_r.eps>
(epstopdf)             \includegraphics on input line 312.
Package epstopdf Info: Output file is already uptodate.
<dummyhist_r-eps-converted-to.pdf, id=1843, 794.97pt x 578.16pt>
File: dummyhist_r-eps-converted-to.pdf Graphic file (type pdf)
<use dummyhist_r-eps-converted-to.pdf>
Package pdftex.def Info: dummyhist_r-eps-converted-to.pdf  used on input line 3
12.
(pdftex.def)             Requested size: 794.96806pt x 578.15858pt.
) (chColin.tex [97 <./dummyhist-eps-converted-to.pdf>] [98 <./dummyhist_r-eps-c
onverted-to.pdf>]
Chapter 11.
[99

]
Package epstopdf Info: Source file: <vif.eps>
(epstopdf)                    date: 2014-01-26 16:48:14
(epstopdf)                    size: 25572 bytes
(epstopdf)             Output file: <vif-eps-converted-to.pdf>
(epstopdf)                    date: 2014-01-26 16:49:57
(epstopdf)                    size: 9568 bytes
(epstopdf)             Command: <epstopdf --outfile=vif-eps-converted-to.pdf vi
f.eps>
(epstopdf)             \includegraphics on input line 37.
Package epstopdf Info: Output file is already uptodate.
<vif-eps-converted-to.pdf, id=1870, 397.485pt x 289.08pt>
File: vif-eps-converted-to.pdf Graphic file (type pdf)
<use vif-eps-converted-to.pdf>
Package pdftex.def Info: vif-eps-converted-to.pdf  used on input line 37.
(pdftex.def)             Requested size: 397.48402pt x 289.07928pt.
 [100] [101 <./vif-eps-converted-to.pdf>]
Package epstopdf Info: Source file: <rent_corr.eps>
(epstopdf)                    date: 2014-01-26 16:28:46
(epstopdf)                    size: 53610 bytes
(epstopdf)             Output file: <rent_corr-eps-converted-to.pdf>
(epstopdf)                    date: 2014-01-26 16:29:38
(epstopdf)                    size: 93867 bytes
(epstopdf)             Command: <epstopdf --outfile=rent_corr-eps-converted-to.
pdf rent_corr.eps>
(epstopdf)             \includegraphics on input line 87.
Package epstopdf Info: Output file is already uptodate.
<rent_corr-eps-converted-to.pdf, id=1898, 397.485pt x 289.08pt>
File: rent_corr-eps-converted-to.pdf Graphic file (type pdf)
<use rent_corr-eps-converted-to.pdf>
Package pdftex.def Info: rent_corr-eps-converted-to.pdf  used on input line 87.

(pdftex.def)             Requested size: 397.48402pt x 289.07928pt.
 [102]) [103 <./rent_corr-eps-converted-to.pdf>] [104] (chOut.tex [105]
Chapter 12.
Package epstopdf Info: Source file: <xout.eps>
(epstopdf)                    date: 2014-01-29 14:35:34
(epstopdf)                    size: 19052 bytes
(epstopdf)             Output file: <xout-eps-converted-to.pdf>
(epstopdf)                    date: 2014-01-29 14:37:12
(epstopdf)                    size: 9932 bytes
(epstopdf)             Command: <epstopdf --outfile=xout-eps-converted-to.pdf x
out.eps>
(epstopdf)             \includegraphics on input line 12.
Package epstopdf Info: Output file is already uptodate.
<xout-eps-converted-to.pdf, id=1928, 397.485pt x 289.08pt>
File: xout-eps-converted-to.pdf Graphic file (type pdf)
<use xout-eps-converted-to.pdf>
Package pdftex.def Info: xout-eps-converted-to.pdf  used on input line 12.
(pdftex.def)             Requested size: 397.48402pt x 289.07928pt.
Package epstopdf Info: Source file: <yout.eps>
(epstopdf)                    date: 2014-01-29 14:35:36
(epstopdf)                    size: 18175 bytes
(epstopdf)             Output file: <yout-eps-converted-to.pdf>
(epstopdf)                    date: 2014-01-29 17:50:25
(epstopdf)                    size: 9931 bytes
(epstopdf)             Command: <epstopdf --outfile=yout-eps-converted-to.pdf y
out.eps>
(epstopdf)             \includegraphics on input line 20.
Package epstopdf Info: Output file is already uptodate.
<yout-eps-converted-to.pdf, id=1929, 397.485pt x 289.08pt>
File: yout-eps-converted-to.pdf Graphic file (type pdf)
<use yout-eps-converted-to.pdf>
Package pdftex.def Info: yout-eps-converted-to.pdf  used on input line 20.
(pdftex.def)             Requested size: 397.48402pt x 289.07928pt.
Missing character: There is no â in font cmr12!
Missing character: There is no € in font cmr12!
Missing character: There is no ™ in font cmr12!
Missing character: There is no â in font cmr12!
Missing character: There is no € in font cmr12!
Missing character: There is no ™ in font cmr12!
Package epstopdf Info: Source file: <normal_allmeasures_index.eps>
(epstopdf)                    date: 2014-01-29 14:35:06
(epstopdf)                    size: 48415 bytes
(epstopdf)             Output file: <normal_allmeasures_index-eps-converted-to.
pdf>
(epstopdf)                    date: 2014-01-29 19:56:20
(epstopdf)                    size: 24873 bytes
(epstopdf)             Command: <epstopdf --outfile=normal_allmeasures_index-ep
s-converted-to.pdf normal_allmeasures_index.eps>
(epstopdf)             \includegraphics on input line 34.
Package epstopdf Info: Output file is already uptodate.
<normal_allmeasures_index-eps-converted-to.pdf, id=1931, 794.97pt x 578.16pt>
File: normal_allmeasures_index-eps-converted-to.pdf Graphic file (type pdf)
<use normal_allmeasures_index-eps-converted-to.pdf>
Package pdftex.def Info: normal_allmeasures_index-eps-converted-to.pdf  used on
 input line 34.
(pdftex.def)             Requested size: 794.96806pt x 578.15858pt.
[106

] [107 <./xout-eps-converted-to.pdf> <./yout-eps-converted-to.pdf>]
Package epstopdf Info: Source file: <xout_hatvalues_label.eps>
(epstopdf)                    date: 2014-01-29 14:35:08
(epstopdf)                    size: 23237 bytes
(epstopdf)             Output file: <xout_hatvalues_label-eps-converted-to.pdf>

(epstopdf)                    date: 2014-01-29 17:58:26
(epstopdf)                    size: 3501 bytes
(epstopdf)             Command: <epstopdf --outfile=xout_hatvalues_label-eps-co
nverted-to.pdf xout_hatvalues_label.eps>
(epstopdf)             \includegraphics on input line 79.
Package epstopdf Info: Output file is already uptodate.
<xout_hatvalues_label-eps-converted-to.pdf, id=1950, 794.97pt x 578.16pt>
File: xout_hatvalues_label-eps-converted-to.pdf Graphic file (type pdf)
<use xout_hatvalues_label-eps-converted-to.pdf>
Package pdftex.def Info: xout_hatvalues_label-eps-converted-to.pdf  used on inp
ut line 79.
(pdftex.def)             Requested size: 794.96806pt x 578.15858pt.
Package epstopdf Info: Source file: <xout_hatvalues_index.eps>
(epstopdf)                    date: 2014-01-29 14:35:09
(epstopdf)                    size: 13133 bytes
(epstopdf)             Output file: <xout_hatvalues_index-eps-converted-to.pdf>

(epstopdf)                    date: 2014-01-29 19:56:07
(epstopdf)                    size: 6330 bytes
(epstopdf)             Command: <epstopdf --outfile=xout_hatvalues_index-eps-co
nverted-to.pdf xout_hatvalues_index.eps>
(epstopdf)             \includegraphics on input line 89.
Package epstopdf Info: Output file is already uptodate.
<xout_hatvalues_index-eps-converted-to.pdf, id=1954, 794.97pt x 578.16pt>
File: xout_hatvalues_index-eps-converted-to.pdf Graphic file (type pdf)
<use xout_hatvalues_index-eps-converted-to.pdf>
Package pdftex.def Info: xout_hatvalues_index-eps-converted-to.pdf  used on inp
ut line 89.
(pdftex.def)             Requested size: 794.96806pt x 578.15858pt.
Package epstopdf Info: Source file: <yout_hatvalues_index.eps>
(epstopdf)                    date: 2014-01-29 14:35:21
(epstopdf)                    size: 13994 bytes
(epstopdf)             Output file: <yout_hatvalues_index-eps-converted-to.pdf>

(epstopdf)                    date: 2014-01-29 19:56:08
(epstopdf)                    size: 6459 bytes
(epstopdf)             Command: <epstopdf --outfile=yout_hatvalues_index-eps-co
nverted-to.pdf yout_hatvalues_index.eps>
(epstopdf)             \includegraphics on input line 99.
Package epstopdf Info: Output file is already uptodate.
<yout_hatvalues_index-eps-converted-to.pdf, id=1958, 794.97pt x 578.16pt>
File: yout_hatvalues_index-eps-converted-to.pdf Graphic file (type pdf)
<use yout_hatvalues_index-eps-converted-to.pdf>
Package pdftex.def Info: yout_hatvalues_index-eps-converted-to.pdf  used on inp
ut line 99.
(pdftex.def)             Requested size: 794.96806pt x 578.15858pt.

[108 <./normal_allmeasures_index-eps-converted-to.pdf>] [109 <./xout_hatvalues_
label-eps-converted-to.pdf>] [110 <./xout_hatvalues_index-eps-converted-to.pdf>
 <./yout_hatvalues_index-eps-converted-to.pdf>]
Package epstopdf Info: Source file: <xout_standard_index.eps>
(epstopdf)                    date: 2014-01-29 14:35:10
(epstopdf)                    size: 13643 bytes
(epstopdf)             Output file: <xout_standard_index-eps-converted-to.pdf>
(epstopdf)                    date: 2014-01-29 19:56:12
(epstopdf)                    size: 6573 bytes
(epstopdf)             Command: <epstopdf --outfile=xout_standard_index-eps-con
verted-to.pdf xout_standard_index.eps>
(epstopdf)             \includegraphics on input line 117.
Package epstopdf Info: Output file is already uptodate.
<xout_standard_index-eps-converted-to.pdf, id=1991, 794.97pt x 578.16pt>
File: xout_standard_index-eps-converted-to.pdf Graphic file (type pdf)
<use xout_standard_index-eps-converted-to.pdf>
Package pdftex.def Info: xout_standard_index-eps-converted-to.pdf  used on inpu
t line 117.
(pdftex.def)             Requested size: 794.96806pt x 578.15858pt.
Package epstopdf Info: Source file: <yout_standard_index.eps>
(epstopdf)                    date: 2014-01-29 14:35:23
(epstopdf)                    size: 13198 bytes
(epstopdf)             Output file: <yout_standard_index-eps-converted-to.pdf>
(epstopdf)                    date: 2014-01-29 19:56:13
(epstopdf)                    size: 6547 bytes
(epstopdf)             Command: <epstopdf --outfile=yout_standard_index-eps-con
verted-to.pdf yout_standard_index.eps>
(epstopdf)             \includegraphics on input line 125.
Package epstopdf Info: Output file is already uptodate.
<yout_standard_index-eps-converted-to.pdf, id=1994, 794.97pt x 578.16pt>
File: yout_standard_index-eps-converted-to.pdf Graphic file (type pdf)
<use yout_standard_index-eps-converted-to.pdf>
Package pdftex.def Info: yout_standard_index-eps-converted-to.pdf  used on inpu
t line 125.
(pdftex.def)             Requested size: 794.96806pt x 578.15858pt.
Package epstopdf Info: Source file: <xout_student_index.eps>
(epstopdf)                    date: 2014-01-29 14:35:09
(epstopdf)                    size: 14066 bytes
(epstopdf)             Output file: <xout_student_index-eps-converted-to.pdf>
(epstopdf)                    date: 2014-01-29 19:56:14
(epstopdf)                    size: 6621 bytes
(epstopdf)             Command: <epstopdf --outfile=xout_student_index-eps-conv
erted-to.pdf xout_student_index.eps>
(epstopdf)             \includegraphics on input line 140.
Package epstopdf Info: Output file is already uptodate.
<xout_student_index-eps-converted-to.pdf, id=1999, 794.97pt x 578.16pt>
File: xout_student_index-eps-converted-to.pdf Graphic file (type pdf)
<use xout_student_index-eps-converted-to.pdf>
Package pdftex.def Info: xout_student_index-eps-converted-to.pdf  used on input
 line 140.
(pdftex.def)             Requested size: 794.96806pt x 578.15858pt.
 [111 <./xout_standard_index-eps-converted-to.pdf>]
Package epstopdf Info: Source file: <yout_student_index.eps>
(epstopdf)                    date: 2014-01-29 14:35:22
(epstopdf)                    size: 13610 bytes
(epstopdf)             Output file: <yout_student_index-eps-converted-to.pdf>
(epstopdf)                    date: 2014-01-29 19:56:15
(epstopdf)                    size: 6584 bytes
(epstopdf)             Command: <epstopdf --outfile=yout_student_index-eps-conv
erted-to.pdf yout_student_index.eps>
(epstopdf)             \includegraphics on input line 148.
Package epstopdf Info: Output file is already uptodate.
<yout_student_index-eps-converted-to.pdf, id=2012, 794.97pt x 578.16pt>
File: yout_student_index-eps-converted-to.pdf Graphic file (type pdf)
<use yout_student_index-eps-converted-to.pdf>
Package pdftex.def Info: yout_student_index-eps-converted-to.pdf  used on input
 line 148.
(pdftex.def)             Requested size: 794.96806pt x 578.15858pt.
Package epstopdf Info: Source file: <xout_dfb_index.eps>
(epstopdf)                    date: 2014-01-29 14:35:11
(epstopdf)                    size: 13619 bytes
(epstopdf)             Output file: <xout_dfb_index-eps-converted-to.pdf>
(epstopdf)                    date: 2014-01-29 19:56:18
(epstopdf)                    size: 6521 bytes
(epstopdf)             Command: <epstopdf --outfile=xout_dfb_index-eps-converte
d-to.pdf xout_dfb_index.eps>
(epstopdf)             \includegraphics on input line 165.
Package epstopdf Info: Output file is already uptodate.
<xout_dfb_index-eps-converted-to.pdf, id=2015, 794.97pt x 578.16pt>
File: xout_dfb_index-eps-converted-to.pdf Graphic file (type pdf)
<use xout_dfb_index-eps-converted-to.pdf>
Package pdftex.def Info: xout_dfb_index-eps-converted-to.pdf  used on input lin
e 165.
(pdftex.def)             Requested size: 794.96806pt x 578.15858pt.
Package epstopdf Info: Source file: <yout_dfb_index.eps>
(epstopdf)                    date: 2014-01-29 14:35:24
(epstopdf)                    size: 13189 bytes
(epstopdf)             Output file: <yout_dfb_index-eps-converted-to.pdf>
(epstopdf)                    date: 2014-01-29 19:56:19
(epstopdf)                    size: 6541 bytes
(epstopdf)             Command: <epstopdf --outfile=yout_dfb_index-eps-converte
d-to.pdf yout_dfb_index.eps>
(epstopdf)             \includegraphics on input line 173.
Package epstopdf Info: Output file is already uptodate.
<yout_dfb_index-eps-converted-to.pdf, id=2018, 794.97pt x 578.16pt>
File: yout_dfb_index-eps-converted-to.pdf Graphic file (type pdf)
<use yout_dfb_index-eps-converted-to.pdf>
Package pdftex.def Info: yout_dfb_index-eps-converted-to.pdf  used on input lin
e 173.
(pdftex.def)             Requested size: 794.96806pt x 578.15858pt.
 [112 <./yout_standard_index-eps-converted-to.pdf>] [113 <./xout_student_index-
eps-converted-to.pdf> <./yout_student_index-eps-converted-to.pdf>] [114 <./xout
_dfb_index-eps-converted-to.pdf> <./yout_dfb_index-eps-converted-to.pdf>]
Package epstopdf Info: Source file: <xout_cooks_index.eps>
(epstopdf)                    date: 2014-01-29 14:35:12
(epstopdf)                    size: 13991 bytes
(epstopdf)             Output file: <xout_cooks_index-eps-converted-to.pdf>
(epstopdf)                    date: 2014-01-29 19:56:09
(epstopdf)                    size: 6417 bytes
(epstopdf)             Command: <epstopdf --outfile=xout_cooks_index-eps-conver
ted-to.pdf xout_cooks_index.eps>
(epstopdf)             \includegraphics on input line 191.
Package epstopdf Info: Output file is already uptodate.
<xout_cooks_index-eps-converted-to.pdf, id=2057, 794.97pt x 578.16pt>
File: xout_cooks_index-eps-converted-to.pdf Graphic file (type pdf)
<use xout_cooks_index-eps-converted-to.pdf>
Package pdftex.def Info: xout_cooks_index-eps-converted-to.pdf  used on input l
ine 191.
(pdftex.def)             Requested size: 794.96806pt x 578.15858pt.
Package epstopdf Info: Source file: <yout_cooks_index.eps>
(epstopdf)                    date: 2014-01-29 14:35:25
(epstopdf)                    size: 13991 bytes
(epstopdf)             Output file: <yout_cooks_index-eps-converted-to.pdf>
(epstopdf)                    date: 2014-01-29 19:56:10
(epstopdf)                    size: 6526 bytes
(epstopdf)             Command: <epstopdf --outfile=yout_cooks_index-eps-conver
ted-to.pdf yout_cooks_index.eps>
(epstopdf)             \includegraphics on input line 199.
Package epstopdf Info: Output file is already uptodate.
<yout_cooks_index-eps-converted-to.pdf, id=2060, 794.97pt x 578.16pt>
File: yout_cooks_index-eps-converted-to.pdf Graphic file (type pdf)
<use yout_cooks_index-eps-converted-to.pdf>
Package pdftex.def Info: yout_cooks_index-eps-converted-to.pdf  used on input l
ine 199.
(pdftex.def)             Requested size: 794.96806pt x 578.15858pt.
Package epstopdf Info: Source file: <xout_dfit_index.eps>
(epstopdf)                    date: 2014-01-29 14:35:13
(epstopdf)                    size: 13610 bytes
(epstopdf)             Output file: <xout_dfit_index-eps-converted-to.pdf>
(epstopdf)                    date: 2014-01-29 19:56:16
(epstopdf)                    size: 6539 bytes
(epstopdf)             Command: <epstopdf --outfile=xout_dfit_index-eps-convert
ed-to.pdf xout_dfit_index.eps>
(epstopdf)             \includegraphics on input line 220.
Package epstopdf Info: Output file is already uptodate.
<xout_dfit_index-eps-converted-to.pdf, id=2067, 794.97pt x 578.16pt>
File: xout_dfit_index-eps-converted-to.pdf Graphic file (type pdf)
<use xout_dfit_index-eps-converted-to.pdf>
Package pdftex.def Info: xout_dfit_index-eps-converted-to.pdf  used on input li
ne 220.
(pdftex.def)             Requested size: 794.96806pt x 578.15858pt.
Package epstopdf Info: Source file: <yout_dfit_index.eps>
(epstopdf)                    date: 2014-01-29 14:35:25
(epstopdf)                    size: 13147 bytes
(epstopdf)             Output file: <yout_dfit_index-eps-converted-to.pdf>
(epstopdf)                    date: 2014-01-29 19:56:17
(epstopdf)                    size: 6514 bytes
(epstopdf)             Command: <epstopdf --outfile=yout_dfit_index-eps-convert
ed-to.pdf yout_dfit_index.eps>
(epstopdf)             \includegraphics on input line 228.
Package epstopdf Info: Output file is already uptodate.
<yout_dfit_index-eps-converted-to.pdf, id=2070, 794.97pt x 578.16pt>
File: yout_dfit_index-eps-converted-to.pdf Graphic file (type pdf)
<use yout_dfit_index-eps-converted-to.pdf>
Package pdftex.def Info: yout_dfit_index-eps-converted-to.pdf  used on input li
ne 228.
(pdftex.def)             Requested size: 794.96806pt x 578.15858pt.
 [115 <./xout_cooks_index-eps-converted-to.pdf>] [116 <./yout_cooks_index-eps-c
onverted-to.pdf> <./xout_dfit_index-eps-converted-to.pdf>])
(chCoding.tex [117 <./yout_dfit_index-eps-converted-to.pdf>]
Chapter 13.
Package epstopdf Info: Source file: <centering_fit.eps>
(epstopdf)                    date: 2013-09-03 15:58:18
(epstopdf)                    size: 17180 bytes
(epstopdf)             Output file: <centering_fit-eps-converted-to.pdf>
(epstopdf)                    date: 2013-09-03 16:12:23
(epstopdf)                    size: 7929 bytes
(epstopdf)             Command: <epstopdf --outfile=centering_fit-eps-converted
-to.pdf centering_fit.eps>
(epstopdf)             \includegraphics on input line 16.
Package epstopdf Info: Output file is already uptodate.
<centering_fit-eps-converted-to.pdf, id=2103, 794.97pt x 578.16pt>
File: centering_fit-eps-converted-to.pdf Graphic file (type pdf)
<use centering_fit-eps-converted-to.pdf>
Package pdftex.def Info: centering_fit-eps-converted-to.pdf  used on input line
 16.
(pdftex.def)             Requested size: 794.96806pt x 578.15858pt.
[118

] [119 <./centering_fit-eps-converted-to.pdf>] [120]
Package epstopdf Info: Source file: <centering_fitci.eps>
(epstopdf)                    date: 2014-07-29 07:46:50
(epstopdf)                    size: 27268 bytes
(epstopdf)             Output file: <centering_fitci-eps-converted-to.pdf>
(epstopdf)                    date: 2014-07-29 07:47:40
(epstopdf)                    size: 10573 bytes
(epstopdf)             Command: <epstopdf --outfile=centering_fitci-eps-convert
ed-to.pdf centering_fitci.eps>
(epstopdf)             \includegraphics on input line 68.
Package epstopdf Info: Output file is already uptodate.
<centering_fitci-eps-converted-to.pdf, id=2127, 794.97pt x 578.16pt>
File: centering_fitci-eps-converted-to.pdf Graphic file (type pdf)
<use centering_fitci-eps-converted-to.pdf>
Package pdftex.def Info: centering_fitci-eps-converted-to.pdf  used on input li
ne 68.
(pdftex.def)             Requested size: 794.96806pt x 578.15858pt.
 [121 <./centering_fitci-eps-converted-to.pdf>] [122]
Package epstopdf Info: Source file: <square1.eps>
(epstopdf)                    date: 2013-09-03 16:00:21
(epstopdf)                    size: 23638 bytes
(epstopdf)             Output file: <square1-eps-converted-to.pdf>
(epstopdf)                    date: 2013-09-03 16:12:25
(epstopdf)                    size: 7551 bytes
(epstopdf)             Command: <epstopdf --outfile=square1-eps-converted-to.pd
f square1.eps>
(epstopdf)             \includegraphics on input line 135.
Package epstopdf Info: Output file is already uptodate.
<square1-eps-converted-to.pdf, id=2148, 397.485pt x 289.08pt>
File: square1-eps-converted-to.pdf Graphic file (type pdf)
<use square1-eps-converted-to.pdf>
Package pdftex.def Info: square1-eps-converted-to.pdf  used on input line 135.
(pdftex.def)             Requested size: 397.48402pt x 289.07928pt.
Package epstopdf Info: Source file: <square2.eps>
(epstopdf)                    date: 2013-09-03 16:00:23
(epstopdf)                    size: 22751 bytes
(epstopdf)             Output file: <square2-eps-converted-to.pdf>
(epstopdf)                    date: 2013-09-03 16:12:25
(epstopdf)                    size: 7213 bytes
(epstopdf)             Command: <epstopdf --outfile=square2-eps-converted-to.pd
f square2.eps>
(epstopdf)             \includegraphics on input line 142.
Package epstopdf Info: Output file is already uptodate.
<square2-eps-converted-to.pdf, id=2149, 397.485pt x 289.08pt>
File: square2-eps-converted-to.pdf Graphic file (type pdf)
<use square2-eps-converted-to.pdf>
Package pdftex.def Info: square2-eps-converted-to.pdf  used on input line 142.
(pdftex.def)             Requested size: 397.48402pt x 289.07928pt.
Package epstopdf Info: Source file: <square3.eps>
(epstopdf)                    date: 2013-09-03 16:00:28
(epstopdf)                    size: 22737 bytes
(epstopdf)             Output file: <square3-eps-converted-to.pdf>
(epstopdf)                    date: 2013-09-03 16:12:26
(epstopdf)                    size: 7251 bytes
(epstopdf)             Command: <epstopdf --outfile=square3-eps-converted-to.pd
f square3.eps>
(epstopdf)             \includegraphics on input line 149.
Package epstopdf Info: Output file is already uptodate.
<square3-eps-converted-to.pdf, id=2150, 794.97pt x 578.16pt>
File: square3-eps-converted-to.pdf Graphic file (type pdf)
<use square3-eps-converted-to.pdf>
Package pdftex.def Info: square3-eps-converted-to.pdf  used on input line 149.
(pdftex.def)             Requested size: 794.96806pt x 578.15858pt.
Package epstopdf Info: Source file: <square4.eps>
(epstopdf)                    date: 2013-09-03 16:00:26
(epstopdf)                    size: 23778 bytes
(epstopdf)             Output file: <square4-eps-converted-to.pdf>
(epstopdf)                    date: 2013-09-03 16:12:26
(epstopdf)                    size: 7565 bytes
(epstopdf)             Command: <epstopdf --outfile=square4-eps-converted-to.pd
f square4.eps>
(epstopdf)             \includegraphics on input line 156.
Package epstopdf Info: Output file is already uptodate.
<square4-eps-converted-to.pdf, id=2151, 397.485pt x 289.08pt>
File: square4-eps-converted-to.pdf Graphic file (type pdf)
<use square4-eps-converted-to.pdf>
Package pdftex.def Info: square4-eps-converted-to.pdf  used on input line 156.
(pdftex.def)             Requested size: 397.48402pt x 289.07928pt.
 [123]
Package epstopdf Info: Source file: <calc.eps>
(epstopdf)                    date: 2013-09-03 19:40:41
(epstopdf)                    size: 27395 bytes
(epstopdf)             Output file: <calc-eps-converted-to.pdf>
(epstopdf)                    date: 2013-09-03 19:41:07
(epstopdf)                    size: 10958 bytes
(epstopdf)             Command: <epstopdf --outfile=calc-eps-converted-to.pdf c
alc.eps>
(epstopdf)             \includegraphics on input line 185.
Package epstopdf Info: Output file is already uptodate.
<calc-eps-converted-to.pdf, id=2159, 397.485pt x 289.08pt>
File: calc-eps-converted-to.pdf Graphic file (type pdf)
<use calc-eps-converted-to.pdf>
Package pdftex.def Info: calc-eps-converted-to.pdf  used on input line 185.
(pdftex.def)             Requested size: 397.48402pt x 289.07928pt.
 [124 <./square1-eps-converted-to.pdf>]
[125 <./square2-eps-converted-to.pdf> <./square3-eps-converted-to.pdf>]
Package epstopdf Info: Source file: <ln.eps>
(epstopdf)                    date: 2013-09-03 16:01:45
(epstopdf)                    size: 20664 bytes
(epstopdf)             Output file: <ln-eps-converted-to.pdf>
(epstopdf)                    date: 2013-09-03 16:12:27
(epstopdf)                    size: 7940 bytes
(epstopdf)             Command: <epstopdf --outfile=ln-eps-converted-to.pdf ln.
eps>
(epstopdf)             \includegraphics on input line 195.
Package epstopdf Info: Output file is already uptodate.
<ln-eps-converted-to.pdf, id=2188, 397.485pt x 289.08pt>
File: ln-eps-converted-to.pdf Graphic file (type pdf)
<use ln-eps-converted-to.pdf>
Package pdftex.def Info: ln-eps-converted-to.pdf  used on input line 195.
(pdftex.def)             Requested size: 397.48402pt x 289.07928pt.
Package epstopdf Info: Source file: <gave.eps>
(epstopdf)                    date: 2013-09-03 16:01:46
(epstopdf)                    size: 12350 bytes
(epstopdf)             Output file: <gave-eps-converted-to.pdf>
(epstopdf)                    date: 2013-09-03 16:12:27
(epstopdf)                    size: 6570 bytes
(epstopdf)             Command: <epstopdf --outfile=gave-eps-converted-to.pdf g
ave.eps>
(epstopdf)             \includegraphics on input line 206.
Package epstopdf Info: Output file is already uptodate.
<gave-eps-converted-to.pdf, id=2191, 397.485pt x 289.08pt>
File: gave-eps-converted-to.pdf Graphic file (type pdf)
<use gave-eps-converted-to.pdf>
Package pdftex.def Info: gave-eps-converted-to.pdf  used on input line 206.
(pdftex.def)             Requested size: 397.48402pt x 289.07928pt.

[126 <./square4-eps-converted-to.pdf>] [127 <./calc-eps-converted-to.pdf> <./ln
-eps-converted-to.pdf>]
Overfull \hbox (9.61127pt too wide) in paragraph at lines 231--254
 [][] 
 []

[128 <./gave-eps-converted-to.pdf>] [129] [130] [131]) (chANCOVA.tex [132]
Chapter 14.
[133

]
Package epstopdf Info: Source file: <prepostsame.eps>
(epstopdf)                    date: 2014-02-03 16:54:50
(epstopdf)                    size: 13750 bytes
(epstopdf)             Output file: <prepostsame-eps-converted-to.pdf>
(epstopdf)                    date: 2014-02-03 17:00:04
(epstopdf)                    size: 11617 bytes
(epstopdf)             Command: <epstopdf --outfile=prepostsame-eps-converted-t
o.pdf prepostsame.eps>
(epstopdf)             \includegraphics on input line 31.
Package epstopdf Info: Output file is already uptodate.
<prepostsame-eps-converted-to.pdf, id=2270, 397.485pt x 289.08pt>
File: prepostsame-eps-converted-to.pdf Graphic file (type pdf)
<use prepostsame-eps-converted-to.pdf>
Package pdftex.def Info: prepostsame-eps-converted-to.pdf  used on input line 3
1.
(pdftex.def)             Requested size: 397.48402pt x 289.07928pt.
Package epstopdf Info: Source file: <prepostalt.eps>
(epstopdf)                    date: 2014-02-03 16:54:53
(epstopdf)                    size: 53957 bytes
(epstopdf)             Output file: <prepostalt-eps-converted-to.pdf>
(epstopdf)                    date: 2014-02-03 17:00:05
(epstopdf)                    size: 19959 bytes
(epstopdf)             Command: <epstopdf --outfile=prepostalt-eps-converted-to
.pdf prepostalt.eps>
(epstopdf)             \includegraphics on input line 41.
Package epstopdf Info: Output file is already uptodate.
<prepostalt-eps-converted-to.pdf, id=2272, 397.485pt x 289.08pt>
File: prepostalt-eps-converted-to.pdf Graphic file (type pdf)
<use prepostalt-eps-converted-to.pdf>
Package pdftex.def Info: prepostalt-eps-converted-to.pdf  used on input line 41
.
(pdftex.def)             Requested size: 397.48402pt x 289.07928pt.
 [134 <./prepostsame-eps-converted-to.pdf>]
Package epstopdf Info: Source file: <prepostreg.eps>
(epstopdf)                    date: 2014-02-03 16:54:48
(epstopdf)                    size: 18349 bytes
(epstopdf)             Output file: <prepostreg-eps-converted-to.pdf>
(epstopdf)                    date: 2014-02-03 17:00:06
(epstopdf)                    size: 13426 bytes
(epstopdf)             Command: <epstopdf --outfile=prepostreg-eps-converted-to
.pdf prepostreg.eps>
(epstopdf)             \includegraphics on input line 59.
Package epstopdf Info: Output file is already uptodate.
<prepostreg-eps-converted-to.pdf, id=2286, 397.485pt x 289.08pt>
File: prepostreg-eps-converted-to.pdf Graphic file (type pdf)
<use prepostreg-eps-converted-to.pdf>
Package pdftex.def Info: prepostreg-eps-converted-to.pdf  used on input line 59
.
(pdftex.def)             Requested size: 397.48402pt x 289.07928pt.
 [135 <./prepostalt-eps-converted-to.pdf>] [136 <./prepostreg-eps-converted-to.
pdf>] [137]
Overfull \hbox (23.28233pt too wide) in paragraph at lines 140--150
 [][] 
 []

[138]
Package epstopdf Info: Source file: <bushscatter.eps>
(epstopdf)                    date: 2014-01-31 18:43:35
(epstopdf)                    size: 15304 bytes
(epstopdf)             Output file: <bushscatter-eps-converted-to.pdf>
(epstopdf)                    date: 2014-01-31 18:46:39
(epstopdf)                    size: 9824 bytes
(epstopdf)             Command: <epstopdf --outfile=bushscatter-eps-converted-t
o.pdf bushscatter.eps>
(epstopdf)             \includegraphics on input line 179.
Package epstopdf Info: Output file is already uptodate.
<bushscatter-eps-converted-to.pdf, id=2336, 397.485pt x 289.08pt>
File: bushscatter-eps-converted-to.pdf Graphic file (type pdf)
<use bushscatter-eps-converted-to.pdf>
Package pdftex.def Info: bushscatter-eps-converted-to.pdf  used on input line 1
79.
(pdftex.def)             Requested size: 397.48402pt x 289.07928pt.
Package epstopdf Info: Source file: <bushscatterc.eps>
(epstopdf)                    date: 2014-01-31 18:57:10
(epstopdf)                    size: 17309 bytes
(epstopdf)             Output file: <bushscatterc-eps-converted-to.pdf>
(epstopdf)                    date: 2014-01-31 18:59:53
(epstopdf)                    size: 10692 bytes
(epstopdf)             Command: <epstopdf --outfile=bushscatterc-eps-converted-
to.pdf bushscatterc.eps>
(epstopdf)             \includegraphics on input line 188.
Package epstopdf Info: Output file is already uptodate.
<bushscatterc-eps-converted-to.pdf, id=2339, 397.485pt x 289.08pt>
File: bushscatterc-eps-converted-to.pdf Graphic file (type pdf)
<use bushscatterc-eps-converted-to.pdf>
Package pdftex.def Info: bushscatterc-eps-converted-to.pdf  used on input line 
188.
(pdftex.def)             Requested size: 397.48402pt x 289.07928pt.
 [139] [140 <./bushscatter-eps-converted-to.pdf> <./bushscatterc-eps-converted-
to.pdf>]
Overfull \hbox (44.51431pt too wide) in paragraph at lines 206--233
 [][] 
 []

) (chInter.tex [141] [142]
Chapter 15.
[143

] [144]
Overfull \hbox (17.94458pt too wide) in paragraph at lines 96--96
[]\OT1/cmr/bx/n/14.4 Example of cat-e-gor-i-cal in-ter-ac-tions on math scores 

 []

[145] [146] [147] [148]
Package epstopdf Info: Source file: <interscatter.eps>
(epstopdf)                    date: 2013-09-03 16:06:13
(epstopdf)                    size: 13632 bytes
(epstopdf)             Output file: <interscatter-eps-converted-to.pdf>
(epstopdf)                    date: 2013-09-03 16:12:28
(epstopdf)                    size: 6663 bytes
(epstopdf)             Command: <epstopdf --outfile=interscatter-eps-converted-
to.pdf interscatter.eps>
(epstopdf)             \includegraphics on input line 245.
Package epstopdf Info: Output file is already uptodate.
<interscatter-eps-converted-to.pdf, id=2408, 397.485pt x 289.08pt>
File: interscatter-eps-converted-to.pdf Graphic file (type pdf)
<use interscatter-eps-converted-to.pdf>
Package pdftex.def Info: interscatter-eps-converted-to.pdf  used on input line 
245.
(pdftex.def)             Requested size: 397.48402pt x 289.07928pt.
 [149] [150 <./interscatter-eps-converted-to.pdf>]
[151] [152]
Package epstopdf Info: Source file: <interfit.eps>
(epstopdf)                    date: 2013-09-03 16:06:21
(epstopdf)                    size: 72452 bytes
(epstopdf)             Output file: <interfit-eps-converted-to.pdf>
(epstopdf)                    date: 2013-09-03 16:12:28
(epstopdf)                    size: 25434 bytes
(epstopdf)             Command: <epstopdf --outfile=interfit-eps-converted-to.p
df interfit.eps>
(epstopdf)             \includegraphics on input line 408.
Package epstopdf Info: Output file is already uptodate.
<interfit-eps-converted-to.pdf, id=2440, 289.08pt x 505.89pt>
File: interfit-eps-converted-to.pdf Graphic file (type pdf)
<use interfit-eps-converted-to.pdf>
Package pdftex.def Info: interfit-eps-converted-to.pdf  used on input line 408.

(pdftex.def)             Requested size: 289.07928pt x 505.88875pt.
 [153] [154 <./interfit-eps-converted-to.pdf>] [155] [156] [157]
Package epstopdf Info: Source file: <gssedupres.eps>
(epstopdf)                    date: 2013-09-03 16:03:24
(epstopdf)                    size: 33464 bytes
(epstopdf)             Output file: <gssedupres-eps-converted-to.pdf>
(epstopdf)                    date: 2013-09-03 16:12:29
(epstopdf)                    size: 13356 bytes
(epstopdf)             Command: <epstopdf --outfile=gssedupres-eps-converted-to
.pdf gssedupres.eps>
(epstopdf)             \includegraphics on input line 583.
Package epstopdf Info: Output file is already uptodate.
<gssedupres-eps-converted-to.pdf, id=2471, 397.485pt x 289.08pt>
File: gssedupres-eps-converted-to.pdf Graphic file (type pdf)
<use gssedupres-eps-converted-to.pdf>
Package pdftex.def Info: gssedupres-eps-converted-to.pdf  used on input line 58
3.
(pdftex.def)             Requested size: 397.48402pt x 289.07928pt.

Overfull \hbox (11.69678pt too wide) in paragraph at lines 592--593
[]\OT1/cmr/m/n/12 We now turn to Model 4, which in-cludes the in-ter-ac-tion of
 $[]$,
 []

[158] [159 <./gssedupres-eps-converted-to.pdf>]) (chHetero.tex [160]
Chapter 16.
Package epstopdf Info: Source file: <hetokcurv.eps>
(epstopdf)                    date: 2013-09-03 16:09:30
(epstopdf)                    size: 45709 bytes
(epstopdf)             Output file: <hetokcurv-eps-converted-to.pdf>
(epstopdf)                    date: 2013-09-03 16:12:29
(epstopdf)                    size: 32418 bytes
(epstopdf)             Command: <epstopdf --outfile=hetokcurv-eps-converted-to.
pdf hetokcurv.eps>
(epstopdf)             \includegraphics on input line 18.
Package epstopdf Info: Output file is already uptodate.
<hetokcurv-eps-converted-to.pdf, id=2495, 794.97pt x 578.16pt>
File: hetokcurv-eps-converted-to.pdf Graphic file (type pdf)
<use hetokcurv-eps-converted-to.pdf>
Package pdftex.def Info: hetokcurv-eps-converted-to.pdf  used on input line 18.

(pdftex.def)             Requested size: 794.96806pt x 578.15858pt.
Package epstopdf Info: Source file: <hetnotokcurv.eps>
(epstopdf)                    date: 2013-09-03 16:09:55
(epstopdf)                    size: 48729 bytes
(epstopdf)             Output file: <hetnotokcurv-eps-converted-to.pdf>
(epstopdf)                    date: 2013-09-03 16:12:30
(epstopdf)                    size: 33715 bytes
(epstopdf)             Command: <epstopdf --outfile=hetnotokcurv-eps-converted-
to.pdf hetnotokcurv.eps>
(epstopdf)             \includegraphics on input line 25.
Package epstopdf Info: Output file is already uptodate.
<hetnotokcurv-eps-converted-to.pdf, id=2496, 794.97pt x 578.16pt>
File: hetnotokcurv-eps-converted-to.pdf Graphic file (type pdf)
<use hetnotokcurv-eps-converted-to.pdf>
Package pdftex.def Info: hetnotokcurv-eps-converted-to.pdf  used on input line 
25.
(pdftex.def)             Requested size: 794.96806pt x 578.15858pt.
[161

] [162 <./hetokcurv-eps-converted-to.pdf> <./hetnotokcurv-eps-converted-to.pdf>
] [163]
Package epstopdf Info: Source file: <hetcharity.eps>
(epstopdf)                    date: 2013-09-03 16:10:54
(epstopdf)                    size: 31651 bytes
(epstopdf)             Output file: <hetcharity-eps-converted-to.pdf>
(epstopdf)                    date: 2013-09-03 16:12:30
(epstopdf)                    size: 40401 bytes
(epstopdf)             Command: <epstopdf --outfile=hetcharity-eps-converted-to
.pdf hetcharity.eps>
(epstopdf)             \includegraphics on input line 59.
Package epstopdf Info: Output file is already uptodate.
<hetcharity-eps-converted-to.pdf, id=2528, 794.97pt x 578.16pt>
File: hetcharity-eps-converted-to.pdf Graphic file (type pdf)
<use hetcharity-eps-converted-to.pdf>
Package pdftex.def Info: hetcharity-eps-converted-to.pdf  used on input line 59
.
(pdftex.def)             Requested size: 794.96806pt x 578.15858pt.
 [164 <./hetcharity-eps-converted-to.pdf>] [165] [166] [167]
[168] [169] [170] [171] [172]) (chGLS.tex [173] [174]
Chapter 17.
[175

]) (chLogit.tex [176]
Chapter 18.
Package epstopdf Info: Source file: <exlogit1.eps>
(epstopdf)                    date: 2014-07-22 07:39:27
(epstopdf)                    size: 12752 bytes
(epstopdf)             Output file: <exlogit1-eps-converted-to.pdf>
(epstopdf)                    date: 2014-07-22 07:52:11
(epstopdf)                    size: 6599 bytes
(epstopdf)             Command: <epstopdf --outfile=exlogit1-eps-converted-to.p
df exlogit1.eps>
(epstopdf)             \includegraphics on input line 17.
Package epstopdf Info: Output file is already uptodate.
<exlogit1-eps-converted-to.pdf, id=2639, 397.485pt x 289.08pt>
File: exlogit1-eps-converted-to.pdf Graphic file (type pdf)
<use exlogit1-eps-converted-to.pdf>
Package pdftex.def Info: exlogit1-eps-converted-to.pdf  used on input line 17.
(pdftex.def)             Requested size: 397.48402pt x 289.07928pt.
[177

]
Package epstopdf Info: Source file: <exlogit2.eps>
(epstopdf)                    date: 2014-07-22 07:39:29
(epstopdf)                    size: 13027 bytes
(epstopdf)             Output file: <exlogit2-eps-converted-to.pdf>
(epstopdf)                    date: 2014-07-22 07:52:12
(epstopdf)                    size: 6812 bytes
(epstopdf)             Command: <epstopdf --outfile=exlogit2-eps-converted-to.p
df exlogit2.eps>
(epstopdf)             \includegraphics on input line 56.
Package epstopdf Info: Output file is already uptodate.
<exlogit2-eps-converted-to.pdf, id=2645, 397.485pt x 289.08pt>
File: exlogit2-eps-converted-to.pdf Graphic file (type pdf)
<use exlogit2-eps-converted-to.pdf>
Package pdftex.def Info: exlogit2-eps-converted-to.pdf  used on input line 56.
(pdftex.def)             Requested size: 397.48402pt x 289.07928pt.


Package hyperref Warning: Difference (2) between bookmark levels is greater 
(hyperref)                than one, level fixed on input line 61.

[178 <./exlogit1-eps-converted-to.pdf>] [179 <./exlogit2-eps-converted-to.pdf>]
Package epstopdf Info: Source file: <logitfunction.eps>
(epstopdf)                    date: 2014-07-22 15:12:51
(epstopdf)                    size: 33705 bytes
(epstopdf)             Output file: <logitfunction-eps-converted-to.pdf>
(epstopdf)                    date: 2014-07-22 15:28:02
(epstopdf)                    size: 12345 bytes
(epstopdf)             Command: <epstopdf --outfile=logitfunction-eps-converted
-to.pdf logitfunction.eps>
(epstopdf)             \includegraphics on input line 107.
Package epstopdf Info: Output file is already uptodate.
<logitfunction-eps-converted-to.pdf, id=2671, 397.485pt x 289.08pt>
File: logitfunction-eps-converted-to.pdf Graphic file (type pdf)
<use logitfunction-eps-converted-to.pdf>
Package pdftex.def Info: logitfunction-eps-converted-to.pdf  used on input line
 107.
(pdftex.def)             Requested size: 397.48402pt x 289.07928pt.
[180] [181 <./logitfunction-eps-converted-to.pdf>]

LaTeX Warning: Reference `sec:chapterglm' on page 182 undefined on input line 1
62.

[182] [183]
Package epstopdf Info: Source file: <iteration.eps>
(epstopdf)                    date: 2014-07-22 14:13:59
(epstopdf)                    size: 10967 bytes
(epstopdf)             Output file: <iteration-eps-converted-to.pdf>
(epstopdf)                    date: 2014-07-22 14:14:14
(epstopdf)                    size: 5523 bytes
(epstopdf)             Command: <epstopdf --outfile=iteration-eps-converted-to.
pdf iteration.eps>
(epstopdf)             \includegraphics on input line 343.
Package epstopdf Info: Output file is already uptodate.
<iteration-eps-converted-to.pdf, id=2724, 397.485pt x 289.08pt>
File: iteration-eps-converted-to.pdf Graphic file (type pdf)
<use iteration-eps-converted-to.pdf>
Package pdftex.def Info: iteration-eps-converted-to.pdf  used on input line 343
.
(pdftex.def)             Requested size: 397.48402pt x 289.07928pt.
 [184] [185] [186] [187]
Package epstopdf Info: Source file: <exlogit3.eps>
(epstopdf)                    date: 2014-07-22 07:39:31
(epstopdf)                    size: 21395 bytes
(epstopdf)             Output file: <exlogit3-eps-converted-to.pdf>
(epstopdf)                    date: 2014-07-22 07:52:13
(epstopdf)                    size: 9943 bytes
(epstopdf)             Command: <epstopdf --outfile=exlogit3-eps-converted-to.p
df exlogit3.eps>
(epstopdf)             \includegraphics on input line 358.
Package epstopdf Info: Output file is already uptodate.
<exlogit3-eps-converted-to.pdf, id=2747, 397.485pt x 289.08pt>
File: exlogit3-eps-converted-to.pdf Graphic file (type pdf)
<use exlogit3-eps-converted-to.pdf>
Package pdftex.def Info: exlogit3-eps-converted-to.pdf  used on input line 358.

(pdftex.def)             Requested size: 397.48402pt x 289.07928pt.
Missing character: There is no â in font cmr12!
Missing character: There is no € in font cmr12!
Missing character: There is no œ in font cmr12!
Missing character: There is no â in font cmr12!
Missing character: There is no € in font cmr12!
Missing character: There is no  in font cmr12!
 [188 <./iteration-eps-converted-to.pdf>]
[189 <./exlogit3-eps-converted-to.pdf>]
Package epstopdf Info: Source file: <MLse.eps>
(epstopdf)                    date: 2014-07-22 22:04:52
(epstopdf)                    size: 114346 bytes
(epstopdf)             Output file: <MLse-eps-converted-to.pdf>
(epstopdf)                    date: 2014-07-22 22:07:20
(epstopdf)                    size: 32578 bytes
(epstopdf)             Command: <epstopdf --outfile=MLse-eps-converted-to.pdf M
Lse.eps>
(epstopdf)             \includegraphics on input line 406.
Package epstopdf Info: Output file is already uptodate.
<MLse-eps-converted-to.pdf, id=2781, 397.485pt x 289.08pt>
File: MLse-eps-converted-to.pdf Graphic file (type pdf)
<use MLse-eps-converted-to.pdf>
Package pdftex.def Info: MLse-eps-converted-to.pdf  used on input line 406.
(pdftex.def)             Requested size: 397.48402pt x 289.07928pt.
 [190]
Package epstopdf Info: Source file: <MLsezoom.eps>
(epstopdf)                    date: 2014-07-23 07:02:33
(epstopdf)                    size: 48585 bytes
(epstopdf)             Output file: <MLsezoom-eps-converted-to.pdf>
(epstopdf)                    date: 2014-07-23 07:42:04
(epstopdf)                    size: 15688 bytes
(epstopdf)             Command: <epstopdf --outfile=MLsezoom-eps-converted-to.p
df MLsezoom.eps>
(epstopdf)             \includegraphics on input line 431.
Package epstopdf Info: Output file is already uptodate.
<MLsezoom-eps-converted-to.pdf, id=2789, 397.485pt x 289.08pt>
File: MLsezoom-eps-converted-to.pdf Graphic file (type pdf)
<use MLsezoom-eps-converted-to.pdf>
Package pdftex.def Info: MLsezoom-eps-converted-to.pdf  used on input line 431.

(pdftex.def)             Requested size: 397.48402pt x 289.07928pt.
 [191 <./MLse-eps-converted-to.pdf>] [192 <./MLsezoom-eps-converted-to.pdf>]
Missing character: There is no â in font cmr12!
Missing character: There is no € in font cmr12!
Missing character: There is no ™ in font cmr12!
 [193] [194]
Missing character: There is no â in font cmr12!
Missing character: There is no € in font cmr12!
Missing character: There is no ” in font cmr12!
Missing character: There is no â in font cmr12!
Missing character: There is no € in font cmr12!
Missing character: There is no œ in font cmr12!
Missing character: There is no â in font cmr12!
Missing character: There is no € in font cmr12!
Missing character: There is no  in font cmr12!
 [195] [196] [197]
Package epstopdf Info: Source file: <sb1070hs.eps>
(epstopdf)                    date: 2014-07-25 09:50:22
(epstopdf)                    size: 26386 bytes
(epstopdf)             Output file: <sb1070hs-eps-converted-to.pdf>
(epstopdf)                    date: 2014-07-25 10:13:38
(epstopdf)                    size: 11444 bytes
(epstopdf)             Command: <epstopdf --outfile=sb1070hs-eps-converted-to.p
df sb1070hs.eps>
(epstopdf)             \includegraphics on input line 599.
Package epstopdf Info: Output file is already uptodate.
<sb1070hs-eps-converted-to.pdf, id=2851, 397.485pt x 289.08pt>
File: sb1070hs-eps-converted-to.pdf Graphic file (type pdf)
<use sb1070hs-eps-converted-to.pdf>
Package pdftex.def Info: sb1070hs-eps-converted-to.pdf  used on input line 599.

(pdftex.def)             Requested size: 397.48402pt x 289.07928pt.
Package epstopdf Info: Source file: <sb1070col.eps>
(epstopdf)                    date: 2014-07-25 09:50:24
(epstopdf)                    size: 26328 bytes
(epstopdf)             Output file: <sb1070col-eps-converted-to.pdf>
(epstopdf)                    date: 2014-07-25 10:13:39
(epstopdf)                    size: 11457 bytes
(epstopdf)             Command: <epstopdf --outfile=sb1070col-eps-converted-to.
pdf sb1070col.eps>
(epstopdf)             \includegraphics on input line 608.
Package epstopdf Info: Output file is already uptodate.
<sb1070col-eps-converted-to.pdf, id=2854, 397.485pt x 289.08pt>
File: sb1070col-eps-converted-to.pdf Graphic file (type pdf)
<use sb1070col-eps-converted-to.pdf>
Package pdftex.def Info: sb1070col-eps-converted-to.pdf  used on input line 608
.
(pdftex.def)             Requested size: 397.48402pt x 289.07928pt.
)
(chExampleData.tex [198] [199 <./sb1070hs-eps-converted-to.pdf> <./sb1070col-ep
s-converted-to.pdf>]
Chapter 19.

Overfull \hbox (34.36694pt too wide) in alignment at lines 3--7
 [] [] [] [] 
 []


Overfull \hbox (34.36694pt too wide) in alignment at lines 7--9
 [] [] [] [] 
 []


Overfull \hbox (34.36694pt too wide) in alignment at lines 9--10
 [] [] [] [] 
 []


Overfull \hbox (34.36694pt too wide) in alignment at lines 10--31
 [] [] [] [] 
 []


Overfull \hbox (34.36694pt too wide) in alignment at lines 31--51
 [] [] [] [] 
 []


Overfull \hbox (34.36694pt too wide) in alignment at lines 51--71
 [] [] [] [] 
 []

[200

]
Overfull \hbox (34.36694pt too wide) in alignment at lines 71--91
 [] [] [] [] 
 []

[201]
Overfull \hbox (34.36694pt too wide) in alignment at lines 91--111
 [] [] [] [] 
 []


Overfull \hbox (34.36694pt too wide) in alignment at lines 111--131
 [] [] [] [] 
 []

[202]
Overfull \hbox (34.36694pt too wide) in alignment at lines 131--132
 [] [] [] [] 
 []

[203] [204] [205] [206] [207] [208] [209] [210] [211] [212] [213])
(_regressionNotes.bbl [214] [215

] [216] [217]
Missing character: There is no â in font cmr12!
Missing character: There is no € in font cmr12!
Missing character: There is no œ in font cmr12!
Missing character: There is no â in font cmr12!
Missing character: There is no € in font cmr12!
Missing character: There is no  in font cmr12!
)
Package atveryend Info: Empty hook `BeforeClearDocument' on input line 70.
 [218]
Package atveryend Info: Empty hook `AfterLastShipout' on input line 70.
 (_regressionNotes.aux)
Package atveryend Info: Executing hook `AtVeryEndDocument' on input line 70.
Package atveryend Info: Executing hook `AtEndAfterFileList' on input line 70.
Package rerunfilecheck Info: File `_regressionNotes.out' has not changed.
(rerunfilecheck)             Checksum: 470C02B9C8E53562A7B13BF72354369A;10729.


LaTeX Warning: There were undefined references.


LaTeX Warning: There were multiply-defined labels.

Package atveryend Info: Empty hook `AtVeryVeryEnd' on input line 70.
 ) 
Here is how much of TeX's memory you used:
 8373 strings out of 493305
 130895 string characters out of 3138874
 236821 words of memory out of 3000000
 10917 multiletter control sequences out of 15000+200000
 15245 words of font info for 53 fonts, out of 3000000 for 9000
 1141 hyphenation exceptions out of 8191
 42i,11n,31p,1019b,498s stack positions out of 5000i,500n,10000p,200000b,50000s
<C:/Program Files/MiKTeX 2.9/fonts/type1/public/amsfonts/cm/cmbx12.pfb><C:/Pr
ogram Files/MiKTeX 2.9/fonts/type1/public/amsfonts/cm/cmbx6.pfb><C:/Program Fil
es/MiKTeX 2.9/fonts/type1/public/amsfonts/cm/cmbx8.pfb><C:/Program Files/MiKTeX
 2.9/fonts/type1/public/amsfonts/cm/cmex10.pfb><C:/Program Files/MiKTeX 2.9/fon
ts/type1/public/amsfonts/cmextra/cmex8.pfb><C:/Program Files/MiKTeX 2.9/fonts/t
ype1/public/amsfonts/cm/cmmi10.pfb><C:/Program Files/MiKTeX 2.9/fonts/type1/pub
lic/amsfonts/cm/cmmi12.pfb><C:/Program Files/MiKTeX 2.9/fonts/type1/public/amsf
onts/cm/cmmi6.pfb><C:/Program Files/MiKTeX 2.9/fonts/type1/public/amsfonts/cm/c
mmi8.pfb><C:/Program Files/MiKTeX 2.9/fonts/type1/public/amsfonts/cm/cmr10.pfb>
<C:/Program Files/MiKTeX 2.9/fonts/type1/public/amsfonts/cm/cmr12.pfb><C:/Progr
am Files/MiKTeX 2.9/fonts/type1/public/amsfonts/cm/cmr17.pfb><C:/Program Files/
MiKTeX 2.9/fonts/type1/public/amsfonts/cm/cmr6.pfb><C:/Program Files/MiKTeX 2.9
/fonts/type1/public/amsfonts/cm/cmr7.pfb><C:/Program Files/MiKTeX 2.9/fonts/typ
e1/public/amsfonts/cm/cmr8.pfb><C:/Program Files/MiKTeX 2.9/fonts/type1/public/
amsfonts/cm/cmsy10.pfb><C:/Program Files/MiKTeX 2.9/fonts/type1/public/amsfonts
/cm/cmsy6.pfb><C:/Program Files/MiKTeX 2.9/fonts/type1/public/amsfonts/cm/cmsy8
.pfb><C:/Program Files/MiKTeX 2.9/fonts/type1/public/amsfonts/cm/cmti10.pfb><C:
/Program Files/MiKTeX 2.9/fonts/type1/public/amsfonts/cm/cmti12.pfb>
Output written on _regressionNotes.pdf (219 pages, 1723595 bytes).
PDF statistics:
 3228 PDF objects out of 3580 (max. 8388607)
 786 named destinations out of 1000 (max. 500000)
 1463 words of extra memory for PDF output out of 10000 (max. 10000000)

