\BOOKMARK [0][-]{chapter*.4}{\376\377\000A\000b\000o\000u\000t}{}% 1
\BOOKMARK [0][-]{chapter.1}{\376\377\000U\000n\000i\000v\000a\000r\000i\000a\000t\000e\000\040\000s\000t\000a\000t\000i\000s\000t\000i\000c\000s}{}% 2
\BOOKMARK [1][-]{section.1.1}{\376\377\000T\000h\000e\000\040\000m\000e\000a\000n\000,\000\040\000s\000t\000a\000t\000i\000s\000t\000i\000c\000s\000,\000\040\000a\000n\000d\000\040\000p\000a\000r\000a\000m\000e\000t\000e\000r\000s}{chapter.1}% 3
\BOOKMARK [1][-]{section.1.2}{\376\377\000D\000e\000v\000i\000a\000n\000c\000e}{chapter.1}% 4
\BOOKMARK [1][-]{section.1.3}{\376\377\000T\000h\000e\000\040\000s\000u\000m\000\040\000o\000f\000\040\000s\000q\000u\000a\000r\000e\000s}{chapter.1}% 5
\BOOKMARK [1][-]{section.1.4}{\376\377\000T\000h\000e\000\040\000v\000a\000r\000i\000a\000n\000c\000e}{chapter.1}% 6
\BOOKMARK [1][-]{section.1.5}{\376\377\000T\000h\000e\000\040\000s\000t\000a\000n\000d\000a\000r\000d\000\040\000d\000e\000v\000i\000a\000t\000i\000o\000n}{chapter.1}% 7
\BOOKMARK [0][-]{chapter.2}{\376\377\000A\000\040\000l\000i\000t\000t\000l\000e\000\040\000p\000r\000o\000b\000a\000b\000i\000l\000i\000t\000y\000\040\000t\000h\000e\000o\000r\000y}{}% 8
\BOOKMARK [0][-]{chapter.3}{\376\377\000S\000i\000m\000p\000l\000e\000\040\000r\000a\000n\000d\000o\000m\000\040\000s\000a\000m\000p\000l\000e\000s}{}% 9
\BOOKMARK [1][-]{section.3.1}{\376\377\000B\000a\000c\000k\000\040\000t\000o\000\040\000p\000r\000o\000b\000a\000b\000i\000l\000i\000t\000y}{chapter.3}% 10
\BOOKMARK [1][-]{section.3.2}{\376\377\000E\000x\000p\000e\000c\000t\000a\000t\000i\000o\000n}{chapter.3}% 11
\BOOKMARK [1][-]{section.3.3}{\376\377\000S\000i\000m\000p\000l\000e\000\040\000r\000a\000n\000d\000o\000m\000\040\000s\000a\000m\000p\000l\000i\000n\000g}{chapter.3}% 12
\BOOKMARK [0][-]{chapter.4}{\376\377\000S\000o\000m\000e\000\040\000d\000i\000s\000t\000r\000i\000b\000u\000t\000i\000o\000n\000s}{}% 13
\BOOKMARK [1][-]{section.4.1}{\376\377\000D\000i\000s\000c\000r\000e\000t\000e\000\040\000d\000i\000s\000t\000r\000i\000b\000u\000t\000i\000o\000n\000s}{chapter.4}% 14
\BOOKMARK [2][-]{subsection.4.1.1}{\376\377\000B\000e\000r\000n\000o\000u\000l\000l\000i\000\040\000d\000i\000s\000t\000r\000i\000b\000u\000t\000i\000o\000n}{section.4.1}% 15
\BOOKMARK [2][-]{subsection.4.1.2}{\376\377\000B\000i\000n\000o\000m\000i\000a\000l\000\040\000d\000i\000s\000t\000r\000i\000b\000u\000t\000i\000o\000n}{section.4.1}% 16
\BOOKMARK [2][-]{subsection.4.1.3}{\376\377\000T\000h\000e\000\040\000P\000o\000i\000s\000s\000o\000n\000\040\000d\000i\000s\000t\000r\000i\000b\000u\000t\000i\000o\000n}{section.4.1}% 17
\BOOKMARK [2][-]{subsection.4.1.4}{\376\377\000N\000e\000g\000a\000t\000i\000v\000e\000\040\000b\000i\000n\000o\000m\000i\000a\000l\000\040\000d\000i\000s\000t\000r\000i\000b\000u\000t\000i\000o\000n}{section.4.1}% 18
\BOOKMARK [1][-]{section.4.2}{\376\377\000C\000o\000n\000t\000i\000n\000u\000o\000u\000s\000\040\000d\000i\000s\000t\000r\000i\000b\000u\000t\000i\000o\000n\000s}{chapter.4}% 19
\BOOKMARK [2][-]{subsection.4.2.1}{\376\377\000T\000h\000e\000\040\000u\000n\000i\000f\000o\000r\000m\000\040\000d\000i\000s\000t\000r\000i\000b\000u\000t\000i\000o\000n}{section.4.2}% 20
\BOOKMARK [2][-]{subsection.4.2.2}{\376\377\000T\000h\000e\000\040\000n\000o\000r\000m\000a\000l\000\040\000d\000i\000s\000t\000r\000i\000b\000u\000t\000i\000o\000n}{section.4.2}% 21
\BOOKMARK [1][-]{section.4.3}{\376\377\000D\000i\000s\000t\000r\000i\000b\000u\000t\000i\000o\000n\000s\000\040\000b\000a\000s\000e\000d\000\040\000o\000n\000\040\000t\000h\000e\000\040\000n\000o\000r\000m\000a\000l\000\040\000d\000i\000s\000t\000r\000i\000b\000u\000t\000i\000o\000n}{chapter.4}% 22
\BOOKMARK [2][-]{subsection.4.3.1}{\376\377\000T\000h\000e\000\040\0002\000\040\000d\000i\000s\000t\000r\000i\000b\000u\000t\000i\000o\000n}{section.4.3}% 23
\BOOKMARK [2][-]{subsection.4.3.2}{\376\377\000T\000h\000e\000\040\000t\000\040\000d\000i\000s\000t\000r\000i\000b\000u\000t\000i\000o\000n}{section.4.3}% 24
\BOOKMARK [2][-]{subsection.4.3.3}{\376\377\000T\000h\000e\000\040\000F\000\040\000d\000i\000s\000t\000r\000i\000b\000u\000t\000i\000o\000n}{section.4.3}% 25
\BOOKMARK [2][-]{subsection.4.3.4}{\376\377\000W\000h\000o\000\040\000c\000a\000r\000e\000s\000?}{section.4.3}% 26
\BOOKMARK [0][-]{chapter.5}{\376\377\000B\000a\000s\000i\000c\000\040\000S\000t\000a\000t\000i\000s\000t\000i\000c\000a\000l\000\040\000I\000n\000f\000e\000r\000e\000n\000c\000e}{}% 27
\BOOKMARK [1][-]{section.5.1}{\376\377\000S\000a\000m\000p\000l\000i\000n\000g\000\040\000d\000i\000s\000t\000r\000i\000b\000u\000t\000i\000o\000n\000s}{chapter.5}% 28
\BOOKMARK [2][-]{subsection.5.1.1}{\376\377\000B\000a\000s\000i\000c\000\040\000p\000r\000i\000n\000c\000i\000p\000l\000e\000s\000\040\000o\000f\000\040\000t\000h\000e\000\040\000c\000e\000n\000t\000r\000a\000l\000\040\000l\000i\000m\000i\000t\000\040\000t\000h\000e\000o\000r\000e\000m}{section.5.1}% 29
\BOOKMARK [1][-]{section.5.2}{\376\377\000T\000h\000e\000\040\000s\000t\000a\000n\000d\000a\000r\000d\000\040\000e\000r\000r\000o\000r\000\040\000o\000f\000\040\000t\000h\000e\000\040\000m\000e\000a\000n}{chapter.5}% 30
\BOOKMARK [1][-]{section.5.3}{\376\377\000T\000h\000e\000\040\000s\000t\000a\000n\000d\000a\000r\000d\000\040\000e\000r\000r\000o\000r\000\040\000o\000f\000\040\000a\000\040\000p\000r\000o\000p\000o\000r\000t\000i\000o\000n}{chapter.5}% 31
\BOOKMARK [1][-]{section.5.4}{\376\377\000H\000y\000p\000o\000t\000h\000e\000s\000i\000s\000\040\000t\000e\000s\000t\000i\000n\000g}{chapter.5}% 32
\BOOKMARK [2][-]{subsection.5.4.1}{\376\377\000W\000h\000a\000t\000\040\000i\000s\000\040\000a\000\040\000p\000-\000v\000a\000l\000u\000e\000?}{section.5.4}% 33
\BOOKMARK [2][-]{subsection.5.4.2}{\376\377\000C\000o\000m\000p\000a\000r\000i\000n\000g\000\040\000t\000w\000o\000\040\000m\000e\000a\000n\000s}{section.5.4}% 34
\BOOKMARK [0][-]{chapter.6}{\376\377\000B\000a\000s\000i\000c\000\040\000m\000u\000l\000t\000i\000v\000a\000r\000i\000a\000t\000e\000\040\000a\000n\000a\000l\000y\000s\000e\000s}{}% 35
\BOOKMARK [1][-]{section.6.1}{\376\377\000T\000h\000e\000\040\000a\000n\000a\000l\000y\000s\000i\000s\000\040\000o\000f\000\040\000v\000a\000r\000i\000a\000n\000c\000e\000\040\000\050\000A\000N\000O\000V\000A\000\051}{chapter.6}% 36
\BOOKMARK [2][-]{subsection.6.1.1}{\376\377\000A\000N\000O\000V\000A\000\040\000E\000x\000a\000m\000p\000l\000e}{section.6.1}% 37
\BOOKMARK [1][-]{section.6.2}{\376\377\000C\000o\000v\000a\000r\000i\000a\000n\000c\000e}{chapter.6}% 38
\BOOKMARK [1][-]{section.6.3}{\376\377\000C\000o\000r\000r\000e\000l\000a\000t\000i\000o\000n}{chapter.6}% 39
\BOOKMARK [2][-]{subsection.6.3.1}{\376\377\000T\000e\000s\000t\000i\000n\000g\000\040\000t\000h\000e\000\040\000c\000o\000r\000r\000e\000l\000a\000t\000i\000o\000n\000\040\000c\000o\000e\000f\000f\000i\000c\000i\000e\000n\000t}{section.6.3}% 40
\BOOKMARK [1][-]{section.6.4}{\376\377\000C\000h\000i\000-\000s\000q\000u\000a\000r\000e}{chapter.6}% 41
\BOOKMARK [0][-]{chapter.7}{\376\377\000L\000e\000a\000s\000t\000\040\000s\000q\000u\000a\000r\000e\000s\000\040\000a\000n\000d\000\040\000m\000a\000x\000i\000m\000u\000m\000\040\000l\000i\000k\000e\000l\000i\000h\000o\000o\000d}{}% 42
\BOOKMARK [1][-]{section.7.1}{\376\377\000T\000h\000e\000\040\000m\000e\000a\000n}{chapter.7}% 43
\BOOKMARK [2][-]{subsection.7.1.1}{\376\377\000L\000e\000a\000s\000t\000\040\000s\000q\000u\000a\000r\000e\000s}{section.7.1}% 44
\BOOKMARK [2][-]{subsection.7.1.2}{\376\377\000M\000a\000x\000i\000m\000u\000m\000\040\000l\000i\000k\000e\000l\000i\000h\000o\000o\000d}{section.7.1}% 45
\BOOKMARK [1][-]{section.7.2}{\376\377\000T\000h\000e\000\040\000p\000r\000o\000p\000o\000r\000t\000i\000o\000n\000\040\000v\000i\000a\000\040\000m\000a\000x\000i\000m\000u\000m\000\040\000l\000i\000k\000e\000l\000i\000h\000o\000o\000d}{chapter.7}% 46
\BOOKMARK [0][-]{chapter.8}{\376\377\000O\000r\000d\000i\000n\000a\000r\000y\000\040\000l\000e\000a\000s\000t\000\040\000s\000q\000u\000a\000r\000e\000s\000\040\000r\000e\000g\000r\000e\000s\000s\000i\000o\000n}{}% 47
\BOOKMARK [1][-]{section.8.1}{\376\377\000A\000\040\000l\000i\000n\000e\000\040\000t\000h\000r\000o\000u\000g\000h\000\040\000t\000h\000e\000\040\000d\000a\000t\000a}{chapter.8}% 48
\BOOKMARK [1][-]{section.8.2}{\376\377\000T\000h\000e\000\040\000r\000e\000g\000r\000e\000s\000s\000i\000o\000n\000\040\000s\000l\000o\000p\000e}{chapter.8}% 49
\BOOKMARK [1][-]{section.8.3}{\376\377\000T\000h\000e\000\040\000i\000n\000t\000e\000r\000c\000e\000p\000t}{chapter.8}% 50
\BOOKMARK [1][-]{section.8.4}{\376\377\000W\000h\000y\000\040\000i\000s\000\040\000t\000h\000i\000s\000\040\000t\000h\000e\000\040\000b\000e\000s\000t\000\040\000f\000i\000t\000t\000i\000n\000g\000\040\000l\000i\000n\000e\000?}{chapter.8}% 51
\BOOKMARK [2][-]{subsection.8.4.1}{\376\377\000L\000e\000a\000s\000t\000\040\000s\000q\000u\000a\000r\000e\000s\000\040\000f\000o\000r\000m\000u\000l\000a\000t\000i\000o\000n}{section.8.4}% 52
\BOOKMARK [2][-]{subsection.8.4.2}{\376\377\000M\000a\000x\000i\000m\000u\000m\000\040\000l\000i\000k\000e\000l\000i\000h\000o\000o\000d\000\040\000f\000o\000r\000m\000u\000l\000a\000t\000i\000o\000n}{section.8.4}% 53
\BOOKMARK [0][-]{chapter.9}{\376\377\000M\000u\000l\000t\000i\000p\000l\000e\000\040\000r\000e\000g\000r\000e\000s\000s\000i\000o\000n}{}% 54
\BOOKMARK [1][-]{section.9.1}{\376\377\000T\000h\000e\000\040\000m\000a\000t\000r\000i\000x\000\040\000a\000l\000g\000e\000b\000r\000a\000\040\000f\000o\000r\000m\000u\000l\000a\000t\000i\000o\000n}{chapter.9}% 55
\BOOKMARK [2][-]{subsection.9.1.1}{\376\377\000T\000h\000e\000\040\000m\000a\000t\000r\000i\000x\000\040\000f\000o\000r\000m\000u\000l\000a\000t\000i\000o\000n\000\040\000o\000f\000\040\000l\000e\000a\000s\000t\000\040\000s\000q\000u\000a\000r\000e\000s}{section.9.1}% 56
\BOOKMARK [2][-]{subsection.9.1.2}{\376\377\000T\000h\000e\000\040\000m\000a\000t\000r\000i\000x\000\040\000f\000o\000r\000m\000u\000l\000a\000t\000i\000o\000n\000\040\000o\000f\000\040\000m\000a\000x\000i\000m\000u\000m\000\040\000l\000i\000k\000e\000l\000i\000h\000o\000o\000d}{section.9.1}% 57
\BOOKMARK [1][-]{section.9.2}{\376\377\000I\000n\000t\000e\000r\000p\000r\000e\000t\000a\000t\000i\000o\000n}{chapter.9}% 58
\BOOKMARK [1][-]{section.9.3}{\376\377\000S\000t\000a\000n\000d\000a\000r\000d\000i\000z\000e\000d\000\040\000c\000o\000e\000f\000f\000i\000c\000i\000e\000n\000t\000s}{chapter.9}% 59
\BOOKMARK [2][-]{subsection.9.3.1}{\376\377\000S\000t\000a\000n\000d\000a\000r\000d\000i\000z\000e\000d\000\040\000c\000o\000e\000f\000f\000i\000c\000i\000e\000n\000t\000\040\000e\000x\000a\000m\000p\000l\000e}{section.9.3}% 60
\BOOKMARK [1][-]{section.9.4}{\376\377\000I\000n\000t\000r\000o\000d\000u\000c\000t\000i\000o\000n\000\040\000t\000o\000\040\000c\000o\000d\000i\000n\000g\000\040\000a\000n\000d\000\040\000i\000n\000t\000e\000r\000p\000r\000e\000t\000i\000n\000g\000\040\000n\000o\000m\000i\000n\000a\000l\000\040\000p\000r\000e\000d\000i\000c\000t\000o\000r\000s}{chapter.9}% 61
\BOOKMARK [2][-]{subsection.9.4.1}{\376\377\000T\000w\000o\000\040\000g\000r\000o\000u\000p\000s}{section.9.4}% 62
\BOOKMARK [2][-]{subsection.9.4.2}{\376\377\000M\000o\000r\000e\000\040\000t\000h\000a\000n\000\040\000t\000w\000o\000\040\000g\000r\000o\000u\000p\000s}{section.9.4}% 63
\BOOKMARK [0][-]{chapter.10}{\376\377\000O\000L\000S\000\040\000m\000o\000d\000e\000l\000\040\000i\000n\000f\000e\000r\000e\000n\000c\000e\000\040\000a\000n\000d\000\040\000e\000v\000a\000l\000u\000a\000t\000i\000o\000n}{}% 64
\BOOKMARK [1][-]{section.10.1}{\376\377\000T\000h\000e\000\040\000v\000a\000r\000i\000a\000n\000c\000e\000\040\000a\000n\000d\000\040\000c\000o\000v\000a\000r\000i\000a\000n\000c\000e\000\040\000o\000f\000\040\000r\000e\000g\000r\000e\000s\000s\000i\000o\000n\000\040\000c\000o\000e\000f\000f\000i\000c\000i\000e\000n\000t\000s}{chapter.10}% 65
\BOOKMARK [1][-]{section.10.2}{\376\377\000H\000y\000p\000o\000t\000h\000e\000s\000i\000s\000\040\000t\000e\000s\000t\000i\000n\000g\000\040\000w\000i\000t\000h\000\040\000r\000e\000g\000r\000e\000s\000s\000i\000o\000n\000\040\000s\000l\000o\000p\000e\000s}{chapter.10}% 66
\BOOKMARK [1][-]{section.10.3}{\376\377\000M\000o\000d\000e\000l\000\040\000f\000i\000t\000\040\000b\000y\000\040\000w\000a\000y\000\040\000o\000f\000\040\000A\000N\000O\000V\000A}{chapter.10}% 67
\BOOKMARK [1][-]{section.10.4}{\376\377\000M\000o\000d\000e\000l\000\040\000f\000i\000t\000\040\000b\000y\000\040\000w\000a\000y\000\040\000o\000f\000\040\000R\0002}{chapter.10}% 68
\BOOKMARK [1][-]{section.10.5}{\376\377\000T\000e\000s\000t\000i\000n\000g\000\040\000b\000l\000o\000c\000k\000s\000\040\000o\000f\000\040\000c\000o\000e\000f\000f\000i\000c\000i\000e\000n\000t\000s}{chapter.10}% 69
\BOOKMARK [1][-]{section.10.6}{\376\377\000M\000o\000d\000e\000l\000\040\000L\000i\000k\000e\000l\000i\000h\000o\000o\000d}{chapter.10}% 70
\BOOKMARK [1][-]{section.10.7}{\376\377\000I\000m\000p\000o\000r\000t\000a\000n\000t\000\040\000a\000s\000s\000u\000m\000p\000t\000i\000o\000n\000s\000\040\000o\000f\000\040\000O\000L\000S\000\040\000r\000e\000g\000r\000e\000s\000s\000i\000o\000n}{chapter.10}% 71
\BOOKMARK [2][-]{subsection.10.7.1}{\376\377\000y\000\040\000i\000s\000\040\000a\000\040\000l\000i\000n\000e\000a\000r\000\040\000f\000u\000n\000c\000t\000i\000o\000n\000\040\000o\000f\000\040\000t\000h\000e\000\040\000p\000r\000e\000d\000i\000c\000t\000o\000r\000s}{section.10.7}% 72
\BOOKMARK [2][-]{subsection.10.7.2}{\376\377\000T\000h\000e\000\040\000e\000x\000p\000e\000c\000t\000e\000d\000\040\000v\000a\000l\000u\000e\000\040\000o\000f\000\040\000a\000n\000y\000\040\000r\000e\000s\000i\000d\000u\000a\000l\000\040\000i\000s\000\040\000z\000e\000r\000o}{section.10.7}% 73
\BOOKMARK [2][-]{subsection.10.7.3}{\376\377\000T\000h\000e\000\040\000v\000a\000r\000i\000a\000n\000c\000e\000\040\000o\000f\000\040\000t\000h\000e\000\040\000r\000e\000s\000i\000d\000u\000a\000l\000s\000\040\000i\000s\000\040\000c\000o\000n\000s\000t\000a\000n\000t}{section.10.7}% 74
\BOOKMARK [2][-]{subsection.10.7.4}{\376\377\000T\000h\000e\000\040\000c\000o\000v\000a\000r\000i\000a\000n\000c\000e\000\040\000o\000f\000\040\000a\000l\000l\000\040\000r\000e\000s\000i\000d\000u\000a\000l\000s\000\040\000i\000s\000\040\000z\000e\000r\000o}{section.10.7}% 75
\BOOKMARK [2][-]{subsection.10.7.5}{\376\377\000T\000h\000e\000\040\000v\000a\000l\000u\000e\000s\000\040\000o\000f\000\040\000t\000h\000e\000\040\000p\000r\000e\000d\000i\000c\000t\000o\000r\000s\000\040\000a\000r\000e\000\040\000n\000o\000t\000\040\000r\000a\000n\000d\000o\000m}{section.10.7}% 76
\BOOKMARK [2][-]{subsection.10.7.6}{\376\377\000T\000h\000e\000\040\000v\000a\000l\000u\000e\000s\000\040\000o\000f\000\040\000t\000h\000e\000\040\000p\000r\000e\000d\000i\000c\000t\000o\000r\000s\000\040\000a\000r\000e\000\040\000n\000o\000t\000\040\000e\000x\000a\000c\000t\000\040\000l\000i\000n\000e\000a\000r\000\040\000c\000o\000m\000b\000i\000n\000a\000t\000i\000o\000n\000s\000\040\000o\000f\000\040\000e\000a\000c\000h\000\040\000o\000t\000h\000e\000r}{section.10.7}% 77
\BOOKMARK [2][-]{subsection.10.7.7}{\376\377\000T\000h\000e\000\040\000e\000r\000r\000o\000r\000s\000\040\000a\000r\000e\000\040\000d\000i\000s\000t\000r\000i\000b\000u\000t\000e\000d\000\040\000n\000o\000r\000m\000a\000l\000l\000y}{section.10.7}% 78
\BOOKMARK [0][-]{chapter.11}{\376\377\000C\000o\000l\000i\000n\000e\000a\000r\000i\000t\000y}{}% 79
\BOOKMARK [1][-]{section.11.1}{\376\377\000P\000e\000r\000f\000e\000c\000t\000\040\000c\000o\000l\000i\000n\000e\000a\000r\000i\000t\000y}{chapter.11}% 80
\BOOKMARK [1][-]{section.11.2}{\376\377\000N\000o\000n\000-\000p\000e\000r\000f\000e\000c\000t\000\040\000c\000o\000l\000i\000n\000e\000a\000r\000i\000t\000y}{chapter.11}% 81
\BOOKMARK [2][-]{subsection.11.2.1}{\376\377\000T\000h\000e\000\040\000v\000a\000r\000i\000a\000n\000c\000e\000\040\000i\000n\000f\000l\000a\000t\000i\000o\000n\000\040\000f\000a\000c\000t\000o\000r}{section.11.2}% 82
\BOOKMARK [2][-]{subsection.11.2.2}{\376\377\000E\000x\000a\000m\000p\000l\000e\000\040\000w\000i\000t\000h\000\040\000c\000i\000t\000y\000\040\000d\000a\000t\000a}{section.11.2}% 83
\BOOKMARK [2][-]{subsection.11.2.3}{\376\377\000W\000h\000a\000t\000\040\000t\000o\000\040\000d\000o\000?}{section.11.2}% 84
\BOOKMARK [0][-]{chapter.12}{\376\377\000O\000u\000t\000l\000i\000e\000r\000s}{}% 85
\BOOKMARK [1][-]{section.12.1}{\376\377\000L\000e\000v\000e\000r\000a\000g\000e}{chapter.12}% 86
\BOOKMARK [1][-]{section.12.2}{\376\377\000S\000t\000a\000n\000d\000a\000r\000d\000i\000z\000e\000d\000\040\000r\000e\000s\000i\000d\000u\000a\000l\000s}{chapter.12}% 87
\BOOKMARK [1][-]{section.12.3}{\376\377\000S\000t\000u\000d\000e\000n\000t\000i\000z\000e\000d\000\040\000r\000e\000s\000i\000d\000u\000a\000l\000s}{chapter.12}% 88
\BOOKMARK [1][-]{section.12.4}{\376\377\000D\000F\000B\000E\000T\000A}{chapter.12}% 89
\BOOKMARK [1][-]{section.12.5}{\376\377\000C\000o\000o\000k\000'\000s\000\040\000d\000i\000s\000t\000a\000n\000c\000e}{chapter.12}% 90
\BOOKMARK [1][-]{section.12.6}{\376\377\000D\000f\000i\000t\000s}{chapter.12}% 91
\BOOKMARK [1][-]{section.12.7}{\376\377\000S\000u\000m\000m\000a\000r\000y}{chapter.12}% 92
\BOOKMARK [0][-]{chapter.13}{\376\377\000C\000o\000d\000i\000n\000g\000\040\000s\000t\000r\000a\000t\000e\000g\000i\000e\000s}{}% 93
\BOOKMARK [1][-]{section.13.1}{\376\377\000C\000e\000n\000t\000e\000r\000i\000n\000g}{chapter.13}% 94
\BOOKMARK [1][-]{section.13.2}{\376\377\000C\000h\000a\000n\000g\000i\000n\000g\000\040\000t\000h\000e\000\040\000u\000n\000i\000t}{chapter.13}% 95
\BOOKMARK [1][-]{section.13.3}{\376\377\000S\000t\000a\000n\000d\000a\000r\000d\000i\000z\000a\000t\000i\000o\000n}{chapter.13}% 96
\BOOKMARK [1][-]{section.13.4}{\376\377\000P\000o\000w\000e\000r\000\040\000T\000r\000a\000n\000s\000f\000o\000r\000m\000a\000t\000i\000o\000n\000s}{chapter.13}% 97
\BOOKMARK [2][-]{subsection.13.4.1}{\376\377\000L\000o\000g\000s}{section.13.4}% 98
\BOOKMARK [0][-]{chapter.14}{\376\377\000A\000n\000a\000l\000y\000s\000i\000s\000\040\000o\000f\000\040\000c\000o\000v\000a\000r\000i\000a\000n\000c\000e\000\040\000\050\000A\000N\000C\000O\000V\000A\000\051}{}% 99
\BOOKMARK [1][-]{section.14.1}{\376\377\000T\000h\000e\000\040\000m\000e\000a\000n\000i\000n\000g\000\040\000o\000f\000\040\000t\000h\000e\000\040\000i\000n\000t\000e\000r\000c\000e\000p\000t}{chapter.14}% 100
\BOOKMARK [2][-]{subsection.14.1.1}{\376\377\000A\000s\000-\000i\000s\000\040\000r\000e\000g\000r\000e\000s\000s\000i\000o\000n}{section.14.1}% 101
\BOOKMARK [2][-]{subsection.14.1.2}{\376\377\000R\000e\000g\000r\000e\000s\000s\000i\000o\000n\000\040\000o\000n\000\040\000p\000r\000e\000-\000c\000e\000n\000t\000e\000r\000e\000d\000\040\000v\000a\000r\000i\000a\000b\000l\000e\000s}{section.14.1}% 102
\BOOKMARK [2][-]{subsection.14.1.3}{\376\377\000R\000e\000g\000r\000e\000s\000s\000i\000o\000n\000\040\000o\000n\000\040\000t\000h\000e\000\040\000d\000i\000f\000f\000e\000r\000e\000n\000c\000e}{section.14.1}% 103
\BOOKMARK [2][-]{subsection.14.1.4}{\376\377\000W\000h\000y\000\040\000d\000i\000f\000f\000e\000r\000e\000n\000t\000\040\000s\000t\000a\000n\000d\000a\000r\000d\000\040\000e\000r\000r\000o\000r\000s\000\040\000f\000o\000r\000\040\000c\000e\000n\000t\000e\000r\000e\000d\000\040\000a\000n\000d\000\040\000d\000i\000f\000f\000e\000r\000e\000n\000c\000e\000\040\000m\000o\000d\000e\000l\000s\000?}{section.14.1}% 104
\BOOKMARK [2][-]{subsection.14.1.5}{\376\377\000G\000a\000i\000n\000s\000\040\000i\000n\000\040\000p\000o\000w\000e\000r\000\040\000u\000s\000i\000n\000g\000\040\000r\000e\000g\000r\000e\000s\000s\000i\000o\000n\000\040\000t\000e\000c\000h\000n\000i\000q\000u\000e}{section.14.1}% 105
\BOOKMARK [1][-]{section.14.2}{\376\377\000A\000N\000C\000O\000V\000A\000:\000\040\000B\000u\000s\000h\000\040\000e\000l\000e\000c\000t\000i\000o\000n\000\040\000o\000p\000i\000n\000i\000o\000n\000\040\000e\000x\000a\000m\000p\000l\000e}{chapter.14}% 106
\BOOKMARK [2][-]{subsection.14.2.1}{\376\377\000W\000a\000s\000\040\000t\000h\000e\000r\000e\000\040\000c\000h\000a\000n\000g\000e\000,\000\040\000o\000n\000\040\000a\000v\000e\000r\000a\000g\000e\000?}{section.14.2}% 107
\BOOKMARK [2][-]{subsection.14.2.2}{\376\377\000A\000s\000-\000i\000s\000\040\000r\000e\000g\000r\000e\000s\000s\000i\000o\000n}{section.14.2}% 108
\BOOKMARK [2][-]{subsection.14.2.3}{\376\377\000R\000e\000g\000r\000e\000s\000s\000i\000o\000n\000\040\000o\000n\000\040\000p\000r\000e\000-\000c\000e\000n\000t\000e\000r\000e\000d\000\040\000d\000a\000t\000a}{section.14.2}% 109
\BOOKMARK [2][-]{subsection.14.2.4}{\376\377\000A\000N\000C\000O\000V\000A\000\040\000m\000o\000d\000e\000l\000:\000\040\000a\000d\000d\000i\000n\000g\000\040\000a\000\040\000c\000a\000t\000e\000g\000o\000r\000i\000c\000a\000l\000\040\000c\000o\000-\000v\000a\000r\000i\000a\000t\000e}{section.14.2}% 110
\BOOKMARK [0][-]{chapter.15}{\376\377\000I\000n\000t\000e\000r\000a\000c\000t\000i\000o\000n\000s}{}% 111
\BOOKMARK [1][-]{section.15.1}{\376\377\000I\000n\000t\000e\000r\000a\000c\000t\000i\000o\000n\000s\000\040\000b\000e\000t\000w\000e\000e\000n\000\040\000c\000a\000t\000e\000g\000o\000r\000i\000c\000a\000l\000\040\000p\000r\000e\000d\000i\000c\000t\000o\000r\000s}{chapter.15}% 112
\BOOKMARK [2][-]{subsection.15.1.1}{\376\377\000E\000x\000a\000m\000p\000l\000e\000\040\000o\000f\000\040\000c\000a\000t\000e\000g\000o\000r\000i\000c\000a\000l\000\040\000i\000n\000t\000e\000r\000a\000c\000t\000i\000o\000n\000s\000\040\000o\000n\000\040\000m\000a\000t\000h\000\040\000s\000c\000o\000r\000e\000s}{section.15.1}% 113
\BOOKMARK [1][-]{section.15.2}{\376\377\000I\000n\000t\000e\000r\000a\000c\000t\000i\000o\000n\000s\000\040\000b\000e\000t\000w\000e\000e\000n\000\040\000a\000\040\000c\000a\000t\000e\000g\000o\000r\000i\000c\000a\000l\000\040\000a\000n\000d\000\040\000a\000\040\000c\000o\000n\000t\000i\000n\000u\000o\000u\000s\000\040\000p\000r\000e\000d\000i\000c\000t\000o\000r}{chapter.15}% 114
\BOOKMARK [2][-]{subsection.15.2.1}{\376\377\000E\000x\000a\000m\000p\000l\000e\000\040\000o\000f\000\040\000a\000\040\000c\000o\000n\000t\000i\000n\000u\000o\000u\000s\000-\000c\000a\000t\000e\000g\000o\000r\000i\000c\000a\000l\000\040\000i\000n\000t\000e\000r\000a\000c\000t\000i\000o\000n\000\040\000o\000n\000\040\000m\000a\000t\000h\000\040\000s\000c\000o\000r\000e\000s}{section.15.2}% 115
\BOOKMARK [1][-]{section.15.3}{\376\377\000I\000n\000t\000e\000r\000a\000c\000t\000i\000o\000n\000s\000\040\000b\000e\000t\000w\000e\000e\000n\000\040\000c\000o\000n\000t\000i\000n\000u\000o\000u\000s\000\040\000p\000r\000e\000d\000i\000c\000t\000o\000r\000s}{chapter.15}% 116
\BOOKMARK [2][-]{subsection.15.3.1}{\376\377\000E\000x\000a\000m\000p\000l\000e\000\040\000o\000f\000\040\000a\000\040\000c\000o\000n\000t\000i\000n\000u\000o\000u\000s\000-\000c\000o\000n\000t\000i\000n\000u\000o\000u\000s\000\040\000i\000n\000t\000e\000r\000a\000c\000t\000i\000o\000n\000\040\000o\000n\000\040\000i\000n\000c\000o\000m\000e}{section.15.3}% 117
\BOOKMARK [0][-]{chapter.16}{\376\377\000H\000e\000t\000e\000r\000o\000s\000k\000e\000d\000a\000s\000t\000i\000c\000i\000t\000y}{}% 118
\BOOKMARK [1][-]{section.16.1}{\376\377\000W\000h\000y\000\040\000n\000o\000n\000-\000c\000o\000n\000s\000t\000a\000n\000t\000\040\000v\000a\000r\000i\000a\000n\000c\000e\000\040\000i\000s\000\040\000a\000\040\000p\000r\000o\000b\000l\000e\000m}{chapter.16}% 119
\BOOKMARK [1][-]{section.16.2}{\376\377\000T\000e\000s\000t\000i\000n\000g\000\040\000f\000o\000r\000\040\000h\000e\000t\000e\000r\000o\000s\000k\000e\000d\000a\000s\000t\000i\000c\000i\000t\000y}{chapter.16}% 120
\BOOKMARK [2][-]{subsection.16.2.1}{\376\377\000B\000r\000e\000u\000s\000c\000h\000-\000P\000a\000g\000a\000n\000\040\000e\000x\000a\000m\000p\000l\000e}{section.16.2}% 121
\BOOKMARK [1][-]{section.16.3}{\376\377\000R\000o\000b\000u\000s\000t\000\040\000s\000t\000a\000n\000d\000a\000r\000d\000\040\000e\000r\000r\000o\000r\000s}{chapter.16}% 122
\BOOKMARK [2][-]{subsection.16.3.1}{\376\377\000R\000o\000b\000u\000s\000t\000\040\000s\000t\000a\000n\000d\000a\000r\000d\000\040\000e\000r\000r\000o\000r\000s\000\040\000i\000n\000\040\000m\000a\000t\000r\000i\000x\000\040\000n\000o\000t\000a\000t\000i\000o\000n}{section.16.3}% 123
\BOOKMARK [1][-]{section.16.4}{\376\377\000G\000e\000n\000e\000r\000a\000l\000i\000z\000e\000d\000\040\000l\000e\000a\000s\000t\000\040\000s\000q\000u\000a\000r\000e\000s}{chapter.16}% 124
\BOOKMARK [2][-]{subsection.16.4.1}{\376\377\000W\000e\000i\000g\000h\000t\000e\000d\000\040\000l\000e\000a\000s\000t\000\040\000s\000q\000u\000a\000r\000e\000s}{section.16.4}% 125
\BOOKMARK [2][-]{subsection.16.4.2}{\376\377\000W\000e\000i\000g\000h\000t\000e\000d\000\040\000l\000e\000a\000s\000t\000\040\000s\000q\000u\000a\000r\000e\000s\000\040\000i\000n\000\040\000m\000a\000t\000r\000i\000x\000\040\000f\000o\000r\000m}{section.16.4}% 126
\BOOKMARK [2][-]{subsection.16.4.3}{\376\377\000F\000e\000a\000s\000i\000b\000l\000e\000\040\000g\000e\000n\000e\000r\000a\000l\000i\000z\000e\000d\000\040\000l\000e\000a\000s\000t\000\040\000s\000q\000u\000a\000r\000e\000s}{section.16.4}% 127
\BOOKMARK [0][-]{chapter.17}{\376\377\000G\000e\000n\000e\000r\000a\000l\000i\000z\000e\000d\000\040\000l\000e\000a\000s\000t\000\040\000s\000q\000u\000a\000r\000e\000s\000,\000\040\000i\000n\000\040\000g\000e\000n\000e\000r\000a\000l}{}% 128
\BOOKMARK [0][-]{chapter.18}{\376\377\000L\000o\000g\000i\000s\000t\000i\000c\000\040\000r\000e\000g\000r\000e\000s\000s\000i\000o\000n}{}% 129
\BOOKMARK [1][-]{subsection.18.0.1}{\376\377\000D\000e\000a\000l\000i\000n\000g\000\040\000w\000i\000t\000h\000\040\000p\000r\000o\000b\000a\000b\000i\000l\000i\000t\000i\000e\000s\000\040\000a\000n\000d\000\040\000o\000d\000d\000s}{chapter.18}% 130
\BOOKMARK [2][-]{subsection.18.0.2}{\376\377\000E\000s\000t\000i\000m\000a\000t\000i\000n\000g\000\040\000a\000\040\000r\000e\000g\000r\000e\000s\000s\000i\000o\000n\000\040\000t\000h\000a\000t\000\040\000p\000r\000e\000d\000i\000c\000t\000s\000\040\000p\000r\000o\000b\000a\000b\000i\000l\000i\000t\000i\000e\000s\000\040\000a\000n\000d\000\040\000o\000d\000d\000s}{subsection.18.0.1}% 131
\BOOKMARK [1][-]{section.18.1}{\376\377\000I\000n\000t\000r\000o\000d\000u\000c\000t\000i\000o\000n\000\040\000t\000o\000\040\000m\000a\000x\000i\000m\000u\000m\000\040\000l\000i\000k\000e\000l\000i\000h\000o\000o\000d\000\040\000e\000s\000t\000i\000m\000a\000t\000i\000o\000n}{chapter.18}% 132
\BOOKMARK [2][-]{subsection.18.1.1}{\376\377\000E\000x\000a\000m\000p\000l\000e\000\040\000l\000o\000g\000i\000s\000t\000i\000c\000\040\000r\000e\000g\000r\000e\000s\000s\000i\000o\000n\000\040\000e\000s\000t\000i\000m\000a\000t\000i\000o\000n}{section.18.1}% 133
\BOOKMARK [2][-]{subsection.18.1.2}{\376\377\000M\000o\000d\000e\000l\000\040\000s\000t\000a\000t\000i\000s\000t\000i\000c\000s}{section.18.1}% 134
\BOOKMARK [2][-]{subsection.18.1.3}{\376\377\000V\000a\000r\000i\000a\000n\000c\000e\000s\000\040\000o\000f\000\040\000s\000l\000o\000p\000e\000s}{section.18.1}% 135
\BOOKMARK [1][-]{section.18.2}{\376\377\000I\000n\000t\000e\000r\000p\000r\000e\000t\000a\000t\000i\000o\000n}{chapter.18}% 136
\BOOKMARK [2][-]{subsection.18.2.1}{\376\377\000E\000x\000a\000m\000p\000l\000e\000\040\000l\000o\000g\000i\000t}{section.18.2}% 137
\BOOKMARK [2][-]{subsection.18.2.2}{\376\377\000M\000a\000r\000g\000i\000n\000a\000l\000\040\000p\000r\000e\000d\000i\000c\000t\000i\000o\000n\000s}{section.18.2}% 138
\BOOKMARK [0][-]{chapter.19}{\376\377\000E\000x\000a\000m\000p\000l\000e\000\040\000D\000a\000t\000a}{}% 139
\BOOKMARK [0][-]{chapter.20}{\376\377\000D\000a\000t\000a\000:\000\040\000R\000e\000n\000t}{}% 140
\BOOKMARK [0][-]{chapter.21}{\376\377\000D\000a\000t\000a\000:\000\040\000O\000u\000t\000l\000i\000e\000r\000\040\000E\000x\000a\000m\000p\000l\000e}{}% 141
\BOOKMARK [0][-]{chapter.22}{\376\377\000D\000a\000t\000a\000:\000\040\000P\000r\000e\000-\000P\000o\000s\000t}{}% 142
\BOOKMARK [0][-]{chapter.23}{\376\377\000D\000a\000t\000a\000:\000\040\000B\000u\000s\000h\000\040\000R\000a\000t\000i\000n\000g\000s}{}% 143
